02-Jul-2023 07:21:33.604 INFO [main] org.apache.catalina.startup.VersionLoggerListener.log 서버 버전 이름:    Apache Tomcat/8.5.90
02-Jul-2023 07:21:33.609 INFO [main] org.apache.catalina.startup.VersionLoggerListener.log Server 빌드 시각:  Jun 2 2023 17:14:04 UTC
02-Jul-2023 07:21:33.609 INFO [main] org.apache.catalina.startup.VersionLoggerListener.log Server 버전 번호:  8.5.90.0
02-Jul-2023 07:21:33.609 INFO [main] org.apache.catalina.startup.VersionLoggerListener.log 운영체제 이름:     Windows 10
02-Jul-2023 07:21:33.610 INFO [main] org.apache.catalina.startup.VersionLoggerListener.log 운영체제 버전:     10.0
02-Jul-2023 07:21:33.610 INFO [main] org.apache.catalina.startup.VersionLoggerListener.log 아키텍처:          amd64
02-Jul-2023 07:21:33.611 INFO [main] org.apache.catalina.startup.VersionLoggerListener.log 자바 홈:           C:\Program Files\Java\jdk-11.0.16.1
02-Jul-2023 07:21:33.611 INFO [main] org.apache.catalina.startup.VersionLoggerListener.log JVM 버전:          11.0.16.1+1-LTS-1
02-Jul-2023 07:21:33.611 INFO [main] org.apache.catalina.startup.VersionLoggerListener.log JVM 벤더:          Oracle Corporation
02-Jul-2023 07:21:33.612 INFO [main] org.apache.catalina.startup.VersionLoggerListener.log CATALINA_BASE:     D:\coding\apache-tomcat-8.5.90
02-Jul-2023 07:21:33.612 INFO [main] org.apache.catalina.startup.VersionLoggerListener.log CATALINA_HOME:     D:\coding\apache-tomcat-8.5.90
02-Jul-2023 07:21:33.612 INFO [main] org.apache.catalina.startup.VersionLoggerListener.log 명령 행 아규먼트:  --add-opens=java.base/java.lang=ALL-UNNAMED
02-Jul-2023 07:21:33.614 INFO [main] org.apache.catalina.startup.VersionLoggerListener.log 명령 행 아규먼트:  --add-opens=java.base/java.io=ALL-UNNAMED
02-Jul-2023 07:21:33.615 INFO [main] org.apache.catalina.startup.VersionLoggerListener.log 명령 행 아규먼트:  --add-opens=java.base/java.util=ALL-UNNAMED
02-Jul-2023 07:21:33.616 INFO [main] org.apache.catalina.startup.VersionLoggerListener.log 명령 행 아규먼트:  --add-opens=java.base/java.util.concurrent=ALL-UNNAMED
02-Jul-2023 07:21:33.617 INFO [main] org.apache.catalina.startup.VersionLoggerListener.log 명령 행 아규먼트:  --add-opens=java.rmi/sun.rmi.transport=ALL-UNNAMED
02-Jul-2023 07:21:33.622 INFO [main] org.apache.catalina.startup.VersionLoggerListener.log 명령 행 아규먼트:  -Djava.util.logging.config.file=D:\coding\apache-tomcat-8.5.90\conf\logging.properties
02-Jul-2023 07:21:33.623 INFO [main] org.apache.catalina.startup.VersionLoggerListener.log 명령 행 아규먼트:  -Djava.util.logging.manager=org.apache.juli.ClassLoaderLogManager
02-Jul-2023 07:21:33.624 INFO [main] org.apache.catalina.startup.VersionLoggerListener.log 명령 행 아규먼트:  -Djdk.tls.ephemeralDHKeySize=2048
02-Jul-2023 07:21:33.626 INFO [main] org.apache.catalina.startup.VersionLoggerListener.log 명령 행 아규먼트:  -Djava.protocol.handler.pkgs=org.apache.catalina.webresources
02-Jul-2023 07:21:33.627 INFO [main] org.apache.catalina.startup.VersionLoggerListener.log 명령 행 아규먼트:  -Dignore.endorsed.dirs=
02-Jul-2023 07:21:33.628 INFO [main] org.apache.catalina.startup.VersionLoggerListener.log 명령 행 아규먼트:  -Dcatalina.base=D:\coding\apache-tomcat-8.5.90
02-Jul-2023 07:21:33.630 INFO [main] org.apache.catalina.startup.VersionLoggerListener.log 명령 행 아규먼트:  -Dcatalina.home=D:\coding\apache-tomcat-8.5.90
02-Jul-2023 07:21:33.631 INFO [main] org.apache.catalina.startup.VersionLoggerListener.log 명령 행 아규먼트:  -Djava.io.tmpdir=D:\coding\apache-tomcat-8.5.90\temp
02-Jul-2023 07:21:33.633 INFO [main] org.apache.catalina.core.AprLifecycleListener.lifecycleEvent APR 버전 [1.7.4]을(를) 사용한, APR 기반 Apache Tomcat Native 라이브러리 [1.2.37]을(를) 로드했습니다.
02-Jul-2023 07:21:33.637 INFO [main] org.apache.catalina.core.AprLifecycleListener.lifecycleEvent APR 용량정보들: IPv6 [true], sendfile [true], accept filters [false], random [true], UDS [{4}].
02-Jul-2023 07:21:33.638 INFO [main] org.apache.catalina.core.AprLifecycleListener.lifecycleEvent APR/OpenSSL 설정: useAprConnector [false], useOpenSSL [true]
02-Jul-2023 07:21:33.645 INFO [main] org.apache.catalina.core.AprLifecycleListener.initializeSSL OpenSSL이 성공적으로 초기화되었습니다: [OpenSSL 1.1.1u  30 May 2023]
02-Jul-2023 07:21:33.741 INFO [main] org.apache.coyote.AbstractProtocol.init 프로토콜 핸들러 ["http-nio-8080"]을(를) 초기화합니다.
02-Jul-2023 07:21:33.764 INFO [main] org.apache.catalina.startup.Catalina.load Initialization processed in 566 ms
02-Jul-2023 07:21:33.812 INFO [main] org.apache.catalina.core.StandardService.startInternal 서비스 [Catalina]을(를) 시작합니다.
02-Jul-2023 07:21:33.815 INFO [main] org.apache.catalina.core.StandardEngine.startInternal 서버 엔진을 시작합니다: [Apache Tomcat/8.5.90]
02-Jul-2023 07:21:33.829 INFO [localhost-startStop-1] org.apache.catalina.startup.HostConfig.deployDirectory 웹 애플리케이션 디렉토리 [D:\coding\apache-tomcat-8.5.90\webapps\docs]을(를) 배치합니다.
02-Jul-2023 07:21:34.196 INFO [localhost-startStop-1] org.apache.jasper.servlet.TldScanner.scanJars 적어도 하나의 JAR가 TLD들을 찾기 위해 스캔되었으나 아무 것도 찾지 못했습니다. 스캔했으나 TLD가 없는 JAR들의 전체 목록을 보시려면, 로그 레벨을 디버그 레벨로 설정하십시오. 스캔 과정에서 불필요한 JAR들을 건너뛰면, 시스템 시작 시간과 JSP 컴파일 시간을 단축시킬 수 있습니다.
02-Jul-2023 07:21:34.556 WARNING [localhost-startStop-1] org.apache.catalina.util.SessionIdGeneratorBase.createSecureRandom [SHA1PRNG] 알고리즘을 사용하여, 세션 ID를 생성하기 위한 SecureRandom 객체를 생성하는데, [338] 밀리초가 소요됐습니다.
02-Jul-2023 07:21:34.591 INFO [localhost-startStop-1] org.apache.catalina.startup.HostConfig.deployDirectory 웹 애플리케이션 디렉토리 [D:\coding\apache-tomcat-8.5.90\webapps\docs]에 대한 배치가 [762] 밀리초에 완료되었습니다.
02-Jul-2023 07:21:34.594 INFO [localhost-startStop-1] org.apache.catalina.startup.HostConfig.deployDirectory 웹 애플리케이션 디렉토리 [D:\coding\apache-tomcat-8.5.90\webapps\examples]을(를) 배치합니다.
02-Jul-2023 07:21:34.862 INFO [localhost-startStop-1] org.apache.jasper.servlet.TldScanner.scanJars 적어도 하나의 JAR가 TLD들을 찾기 위해 스캔되었으나 아무 것도 찾지 못했습니다. 스캔했으나 TLD가 없는 JAR들의 전체 목록을 보시려면, 로그 레벨을 디버그 레벨로 설정하십시오. 스캔 과정에서 불필요한 JAR들을 건너뛰면, 시스템 시작 시간과 JSP 컴파일 시간을 단축시킬 수 있습니다.
02-Jul-2023 07:21:34.906 INFO [localhost-startStop-1] org.apache.catalina.startup.HostConfig.deployDirectory 웹 애플리케이션 디렉토리 [D:\coding\apache-tomcat-8.5.90\webapps\examples]에 대한 배치가 [312] 밀리초에 완료되었습니다.
02-Jul-2023 07:21:34.909 INFO [localhost-startStop-1] org.apache.catalina.startup.HostConfig.deployDirectory 웹 애플리케이션 디렉토리 [D:\coding\apache-tomcat-8.5.90\webapps\host-manager]을(를) 배치합니다.
02-Jul-2023 07:21:35.015 INFO [localhost-startStop-1] org.apache.jasper.servlet.TldScanner.scanJars 적어도 하나의 JAR가 TLD들을 찾기 위해 스캔되었으나 아무 것도 찾지 못했습니다. 스캔했으나 TLD가 없는 JAR들의 전체 목록을 보시려면, 로그 레벨을 디버그 레벨로 설정하십시오. 스캔 과정에서 불필요한 JAR들을 건너뛰면, 시스템 시작 시간과 JSP 컴파일 시간을 단축시킬 수 있습니다.
02-Jul-2023 07:21:35.024 INFO [localhost-startStop-1] org.apache.catalina.startup.HostConfig.deployDirectory 웹 애플리케이션 디렉토리 [D:\coding\apache-tomcat-8.5.90\webapps\host-manager]에 대한 배치가 [114] 밀리초에 완료되었습니다.
02-Jul-2023 07:21:35.025 INFO [localhost-startStop-1] org.apache.catalina.startup.HostConfig.deployDirectory 웹 애플리케이션 디렉토리 [D:\coding\apache-tomcat-8.5.90\webapps\manager]을(를) 배치합니다.
02-Jul-2023 07:21:35.114 INFO [localhost-startStop-1] org.apache.jasper.servlet.TldScanner.scanJars 적어도 하나의 JAR가 TLD들을 찾기 위해 스캔되었으나 아무 것도 찾지 못했습니다. 스캔했으나 TLD가 없는 JAR들의 전체 목록을 보시려면, 로그 레벨을 디버그 레벨로 설정하십시오. 스캔 과정에서 불필요한 JAR들을 건너뛰면, 시스템 시작 시간과 JSP 컴파일 시간을 단축시킬 수 있습니다.
02-Jul-2023 07:21:35.119 INFO [localhost-startStop-1] org.apache.catalina.startup.HostConfig.deployDirectory 웹 애플리케이션 디렉토리 [D:\coding\apache-tomcat-8.5.90\webapps\manager]에 대한 배치가 [94] 밀리초에 완료되었습니다.
02-Jul-2023 07:21:35.121 INFO [localhost-startStop-1] org.apache.catalina.startup.HostConfig.deployDirectory 웹 애플리케이션 디렉토리 [D:\coding\apache-tomcat-8.5.90\webapps\ROOT]을(를) 배치합니다.
02-Jul-2023 07:21:35.215 INFO [localhost-startStop-1] org.apache.jasper.servlet.TldScanner.scanJars 적어도 하나의 JAR가 TLD들을 찾기 위해 스캔되었으나 아무 것도 찾지 못했습니다. 스캔했으나 TLD가 없는 JAR들의 전체 목록을 보시려면, 로그 레벨을 디버그 레벨로 설정하십시오. 스캔 과정에서 불필요한 JAR들을 건너뛰면, 시스템 시작 시간과 JSP 컴파일 시간을 단축시킬 수 있습니다.
02-Jul-2023 07:21:35.220 INFO [localhost-startStop-1] org.apache.catalina.startup.HostConfig.deployDirectory 웹 애플리케이션 디렉토리 [D:\coding\apache-tomcat-8.5.90\webapps\ROOT]에 대한 배치가 [100] 밀리초에 완료되었습니다.
02-Jul-2023 07:21:35.224 INFO [main] org.apache.coyote.AbstractProtocol.start 프로토콜 핸들러 ["http-nio-8080"]을(를) 시작합니다.
02-Jul-2023 07:21:35.584 INFO [main] org.apache.catalina.startup.Catalina.start Server startup in 1818 ms
02-Jul-2023 07:21:59.124 INFO [main] org.apache.catalina.startup.VersionLoggerListener.log 서버 버전 이름:    Apache Tomcat/8.5.90
02-Jul-2023 07:21:59.128 INFO [main] org.apache.catalina.startup.VersionLoggerListener.log Server 빌드 시각:  Jun 2 2023 17:14:04 UTC
02-Jul-2023 07:21:59.129 INFO [main] org.apache.catalina.startup.VersionLoggerListener.log Server 버전 번호:  8.5.90.0
02-Jul-2023 07:21:59.129 INFO [main] org.apache.catalina.startup.VersionLoggerListener.log 운영체제 이름:     Windows 10
02-Jul-2023 07:21:59.129 INFO [main] org.apache.catalina.startup.VersionLoggerListener.log 운영체제 버전:     10.0
02-Jul-2023 07:21:59.129 INFO [main] org.apache.catalina.startup.VersionLoggerListener.log 아키텍처:          amd64
02-Jul-2023 07:21:59.130 INFO [main] org.apache.catalina.startup.VersionLoggerListener.log 자바 홈:           C:\Program Files\Java\jdk-11.0.16.1
02-Jul-2023 07:21:59.130 INFO [main] org.apache.catalina.startup.VersionLoggerListener.log JVM 버전:          11.0.16.1+1-LTS-1
02-Jul-2023 07:21:59.130 INFO [main] org.apache.catalina.startup.VersionLoggerListener.log JVM 벤더:          Oracle Corporation
02-Jul-2023 07:21:59.130 INFO [main] org.apache.catalina.startup.VersionLoggerListener.log CATALINA_BASE:     D:\coding\apache-tomcat-8.5.90
02-Jul-2023 07:21:59.130 INFO [main] org.apache.catalina.startup.VersionLoggerListener.log CATALINA_HOME:     D:\coding\apache-tomcat-8.5.90
02-Jul-2023 07:21:59.131 INFO [main] org.apache.catalina.startup.VersionLoggerListener.log 명령 행 아규먼트:  --add-opens=java.base/java.lang=ALL-UNNAMED
02-Jul-2023 07:21:59.132 INFO [main] org.apache.catalina.startup.VersionLoggerListener.log 명령 행 아규먼트:  --add-opens=java.base/java.io=ALL-UNNAMED
02-Jul-2023 07:21:59.134 INFO [main] org.apache.catalina.startup.VersionLoggerListener.log 명령 행 아규먼트:  --add-opens=java.base/java.util=ALL-UNNAMED
02-Jul-2023 07:21:59.134 INFO [main] org.apache.catalina.startup.VersionLoggerListener.log 명령 행 아규먼트:  --add-opens=java.base/java.util.concurrent=ALL-UNNAMED
02-Jul-2023 07:21:59.135 INFO [main] org.apache.catalina.startup.VersionLoggerListener.log 명령 행 아규먼트:  --add-opens=java.rmi/sun.rmi.transport=ALL-UNNAMED
02-Jul-2023 07:21:59.136 INFO [main] org.apache.catalina.startup.VersionLoggerListener.log 명령 행 아규먼트:  -Djava.util.logging.config.file=D:\coding\apache-tomcat-8.5.90\conf\logging.properties
02-Jul-2023 07:21:59.137 INFO [main] org.apache.catalina.startup.VersionLoggerListener.log 명령 행 아규먼트:  -Djava.util.logging.manager=org.apache.juli.ClassLoaderLogManager
02-Jul-2023 07:21:59.137 INFO [main] org.apache.catalina.startup.VersionLoggerListener.log 명령 행 아규먼트:  -Djdk.tls.ephemeralDHKeySize=2048
02-Jul-2023 07:21:59.138 INFO [main] org.apache.catalina.startup.VersionLoggerListener.log 명령 행 아규먼트:  -Djava.protocol.handler.pkgs=org.apache.catalina.webresources
02-Jul-2023 07:21:59.139 INFO [main] org.apache.catalina.startup.VersionLoggerListener.log 명령 행 아규먼트:  -Dignore.endorsed.dirs=
02-Jul-2023 07:21:59.140 INFO [main] org.apache.catalina.startup.VersionLoggerListener.log 명령 행 아규먼트:  -Dcatalina.base=D:\coding\apache-tomcat-8.5.90
02-Jul-2023 07:21:59.143 INFO [main] org.apache.catalina.startup.VersionLoggerListener.log 명령 행 아규먼트:  -Dcatalina.home=D:\coding\apache-tomcat-8.5.90
02-Jul-2023 07:21:59.144 INFO [main] org.apache.catalina.startup.VersionLoggerListener.log 명령 행 아규먼트:  -Djava.io.tmpdir=D:\coding\apache-tomcat-8.5.90\temp
02-Jul-2023 07:21:59.145 INFO [main] org.apache.catalina.core.AprLifecycleListener.lifecycleEvent APR 버전 [1.7.4]을(를) 사용한, APR 기반 Apache Tomcat Native 라이브러리 [1.2.37]을(를) 로드했습니다.
02-Jul-2023 07:21:59.146 INFO [main] org.apache.catalina.core.AprLifecycleListener.lifecycleEvent APR 용량정보들: IPv6 [true], sendfile [true], accept filters [false], random [true], UDS [{4}].
02-Jul-2023 07:21:59.147 INFO [main] org.apache.catalina.core.AprLifecycleListener.lifecycleEvent APR/OpenSSL 설정: useAprConnector [false], useOpenSSL [true]
02-Jul-2023 07:21:59.154 INFO [main] org.apache.catalina.core.AprLifecycleListener.initializeSSL OpenSSL이 성공적으로 초기화되었습니다: [OpenSSL 1.1.1u  30 May 2023]
02-Jul-2023 07:21:59.245 INFO [main] org.apache.coyote.AbstractProtocol.init 프로토콜 핸들러 ["http-nio-8080"]을(를) 초기화합니다.
02-Jul-2023 07:21:59.269 INFO [main] org.apache.catalina.startup.Catalina.load Initialization processed in 525 ms
02-Jul-2023 07:21:59.320 INFO [main] org.apache.catalina.core.StandardService.startInternal 서비스 [Catalina]을(를) 시작합니다.
02-Jul-2023 07:21:59.323 INFO [main] org.apache.catalina.core.StandardEngine.startInternal 서버 엔진을 시작합니다: [Apache Tomcat/8.5.90]
02-Jul-2023 07:21:59.336 INFO [localhost-startStop-1] org.apache.catalina.startup.HostConfig.deployDirectory 웹 애플리케이션 디렉토리 [D:\coding\apache-tomcat-8.5.90\webapps\docs]을(를) 배치합니다.
02-Jul-2023 07:21:59.677 INFO [localhost-startStop-1] org.apache.jasper.servlet.TldScanner.scanJars 적어도 하나의 JAR가 TLD들을 찾기 위해 스캔되었으나 아무 것도 찾지 못했습니다. 스캔했으나 TLD가 없는 JAR들의 전체 목록을 보시려면, 로그 레벨을 디버그 레벨로 설정하십시오. 스캔 과정에서 불필요한 JAR들을 건너뛰면, 시스템 시작 시간과 JSP 컴파일 시간을 단축시킬 수 있습니다.
02-Jul-2023 07:22:00.033 WARNING [localhost-startStop-1] org.apache.catalina.util.SessionIdGeneratorBase.createSecureRandom [SHA1PRNG] 알고리즘을 사용하여, 세션 ID를 생성하기 위한 SecureRandom 객체를 생성하는데, [336] 밀리초가 소요됐습니다.
02-Jul-2023 07:22:00.054 INFO [localhost-startStop-1] org.apache.catalina.startup.HostConfig.deployDirectory 웹 애플리케이션 디렉토리 [D:\coding\apache-tomcat-8.5.90\webapps\docs]에 대한 배치가 [718] 밀리초에 완료되었습니다.
02-Jul-2023 07:22:00.056 INFO [localhost-startStop-1] org.apache.catalina.startup.HostConfig.deployDirectory 웹 애플리케이션 디렉토리 [D:\coding\apache-tomcat-8.5.90\webapps\examples]을(를) 배치합니다.
02-Jul-2023 07:22:00.292 INFO [localhost-startStop-1] org.apache.jasper.servlet.TldScanner.scanJars 적어도 하나의 JAR가 TLD들을 찾기 위해 스캔되었으나 아무 것도 찾지 못했습니다. 스캔했으나 TLD가 없는 JAR들의 전체 목록을 보시려면, 로그 레벨을 디버그 레벨로 설정하십시오. 스캔 과정에서 불필요한 JAR들을 건너뛰면, 시스템 시작 시간과 JSP 컴파일 시간을 단축시킬 수 있습니다.
02-Jul-2023 07:22:00.342 INFO [localhost-startStop-1] org.apache.catalina.startup.HostConfig.deployDirectory 웹 애플리케이션 디렉토리 [D:\coding\apache-tomcat-8.5.90\webapps\examples]에 대한 배치가 [286] 밀리초에 완료되었습니다.
02-Jul-2023 07:22:00.345 INFO [localhost-startStop-1] org.apache.catalina.startup.HostConfig.deployDirectory 웹 애플리케이션 디렉토리 [D:\coding\apache-tomcat-8.5.90\webapps\host-manager]을(를) 배치합니다.
02-Jul-2023 07:22:00.446 INFO [localhost-startStop-1] org.apache.jasper.servlet.TldScanner.scanJars 적어도 하나의 JAR가 TLD들을 찾기 위해 스캔되었으나 아무 것도 찾지 못했습니다. 스캔했으나 TLD가 없는 JAR들의 전체 목록을 보시려면, 로그 레벨을 디버그 레벨로 설정하십시오. 스캔 과정에서 불필요한 JAR들을 건너뛰면, 시스템 시작 시간과 JSP 컴파일 시간을 단축시킬 수 있습니다.
02-Jul-2023 07:22:00.455 INFO [localhost-startStop-1] org.apache.catalina.startup.HostConfig.deployDirectory 웹 애플리케이션 디렉토리 [D:\coding\apache-tomcat-8.5.90\webapps\host-manager]에 대한 배치가 [110] 밀리초에 완료되었습니다.
02-Jul-2023 07:22:00.456 INFO [localhost-startStop-1] org.apache.catalina.startup.HostConfig.deployDirectory 웹 애플리케이션 디렉토리 [D:\coding\apache-tomcat-8.5.90\webapps\manager]을(를) 배치합니다.
02-Jul-2023 07:22:00.538 INFO [localhost-startStop-1] org.apache.jasper.servlet.TldScanner.scanJars 적어도 하나의 JAR가 TLD들을 찾기 위해 스캔되었으나 아무 것도 찾지 못했습니다. 스캔했으나 TLD가 없는 JAR들의 전체 목록을 보시려면, 로그 레벨을 디버그 레벨로 설정하십시오. 스캔 과정에서 불필요한 JAR들을 건너뛰면, 시스템 시작 시간과 JSP 컴파일 시간을 단축시킬 수 있습니다.
02-Jul-2023 07:22:00.544 INFO [localhost-startStop-1] org.apache.catalina.startup.HostConfig.deployDirectory 웹 애플리케이션 디렉토리 [D:\coding\apache-tomcat-8.5.90\webapps\manager]에 대한 배치가 [88] 밀리초에 완료되었습니다.
02-Jul-2023 07:22:00.545 INFO [localhost-startStop-1] org.apache.catalina.startup.HostConfig.deployDirectory 웹 애플리케이션 디렉토리 [D:\coding\apache-tomcat-8.5.90\webapps\ROOT]을(를) 배치합니다.
02-Jul-2023 07:22:00.646 INFO [localhost-startStop-1] org.apache.jasper.servlet.TldScanner.scanJars 적어도 하나의 JAR가 TLD들을 찾기 위해 스캔되었으나 아무 것도 찾지 못했습니다. 스캔했으나 TLD가 없는 JAR들의 전체 목록을 보시려면, 로그 레벨을 디버그 레벨로 설정하십시오. 스캔 과정에서 불필요한 JAR들을 건너뛰면, 시스템 시작 시간과 JSP 컴파일 시간을 단축시킬 수 있습니다.
02-Jul-2023 07:22:00.651 INFO [localhost-startStop-1] org.apache.catalina.startup.HostConfig.deployDirectory 웹 애플리케이션 디렉토리 [D:\coding\apache-tomcat-8.5.90\webapps\ROOT]에 대한 배치가 [106] 밀리초에 완료되었습니다.
02-Jul-2023 07:22:00.655 INFO [main] org.apache.coyote.AbstractProtocol.start 프로토콜 핸들러 ["http-nio-8080"]을(를) 시작합니다.
02-Jul-2023 07:22:01.006 INFO [main] org.apache.catalina.startup.Catalina.start Server startup in 1737 ms
02-Jul-2023 07:22:10.846 INFO [main] org.apache.catalina.startup.VersionLoggerListener.log 서버 버전 이름:    Apache Tomcat/8.5.90
02-Jul-2023 07:22:10.850 INFO [main] org.apache.catalina.startup.VersionLoggerListener.log Server 빌드 시각:  Jun 2 2023 17:14:04 UTC
02-Jul-2023 07:22:10.850 INFO [main] org.apache.catalina.startup.VersionLoggerListener.log Server 버전 번호:  8.5.90.0
02-Jul-2023 07:22:10.851 INFO [main] org.apache.catalina.startup.VersionLoggerListener.log 운영체제 이름:     Windows 10
02-Jul-2023 07:22:10.851 INFO [main] org.apache.catalina.startup.VersionLoggerListener.log 운영체제 버전:     10.0
02-Jul-2023 07:22:10.852 INFO [main] org.apache.catalina.startup.VersionLoggerListener.log 아키텍처:          amd64
02-Jul-2023 07:22:10.852 INFO [main] org.apache.catalina.startup.VersionLoggerListener.log 자바 홈:           C:\Program Files\Java\jdk-11.0.16.1
02-Jul-2023 07:22:10.852 INFO [main] org.apache.catalina.startup.VersionLoggerListener.log JVM 버전:          11.0.16.1+1-LTS-1
02-Jul-2023 07:22:10.852 INFO [main] org.apache.catalina.startup.VersionLoggerListener.log JVM 벤더:          Oracle Corporation
02-Jul-2023 07:22:10.853 INFO [main] org.apache.catalina.startup.VersionLoggerListener.log CATALINA_BASE:     D:\coding\apache-tomcat-8.5.90
02-Jul-2023 07:22:10.853 INFO [main] org.apache.catalina.startup.VersionLoggerListener.log CATALINA_HOME:     D:\coding\apache-tomcat-8.5.90
02-Jul-2023 07:22:10.853 INFO [main] org.apache.catalina.startup.VersionLoggerListener.log 명령 행 아규먼트:  --add-opens=java.base/java.lang=ALL-UNNAMED
02-Jul-2023 07:22:10.854 INFO [main] org.apache.catalina.startup.VersionLoggerListener.log 명령 행 아규먼트:  --add-opens=java.base/java.io=ALL-UNNAMED
02-Jul-2023 07:22:10.856 INFO [main] org.apache.catalina.startup.VersionLoggerListener.log 명령 행 아규먼트:  --add-opens=java.base/java.util=ALL-UNNAMED
02-Jul-2023 07:22:10.856 INFO [main] org.apache.catalina.startup.VersionLoggerListener.log 명령 행 아규먼트:  --add-opens=java.base/java.util.concurrent=ALL-UNNAMED
02-Jul-2023 07:22:10.857 INFO [main] org.apache.catalina.startup.VersionLoggerListener.log 명령 행 아규먼트:  --add-opens=java.rmi/sun.rmi.transport=ALL-UNNAMED
02-Jul-2023 07:22:10.858 INFO [main] org.apache.catalina.startup.VersionLoggerListener.log 명령 행 아규먼트:  -Djava.util.logging.config.file=D:\coding\apache-tomcat-8.5.90\conf\logging.properties
02-Jul-2023 07:22:10.859 INFO [main] org.apache.catalina.startup.VersionLoggerListener.log 명령 행 아규먼트:  -Djava.util.logging.manager=org.apache.juli.ClassLoaderLogManager
02-Jul-2023 07:22:10.860 INFO [main] org.apache.catalina.startup.VersionLoggerListener.log 명령 행 아규먼트:  -Djdk.tls.ephemeralDHKeySize=2048
02-Jul-2023 07:22:10.861 INFO [main] org.apache.catalina.startup.VersionLoggerListener.log 명령 행 아규먼트:  -Djava.protocol.handler.pkgs=org.apache.catalina.webresources
02-Jul-2023 07:22:10.862 INFO [main] org.apache.catalina.startup.VersionLoggerListener.log 명령 행 아규먼트:  -Dignore.endorsed.dirs=
02-Jul-2023 07:22:10.863 INFO [main] org.apache.catalina.startup.VersionLoggerListener.log 명령 행 아규먼트:  -Dcatalina.base=D:\coding\apache-tomcat-8.5.90
02-Jul-2023 07:22:10.863 INFO [main] org.apache.catalina.startup.VersionLoggerListener.log 명령 행 아규먼트:  -Dcatalina.home=D:\coding\apache-tomcat-8.5.90
02-Jul-2023 07:22:10.864 INFO [main] org.apache.catalina.startup.VersionLoggerListener.log 명령 행 아규먼트:  -Djava.io.tmpdir=D:\coding\apache-tomcat-8.5.90\temp
02-Jul-2023 07:22:10.866 INFO [main] org.apache.catalina.core.AprLifecycleListener.lifecycleEvent APR 버전 [1.7.4]을(를) 사용한, APR 기반 Apache Tomcat Native 라이브러리 [1.2.37]을(를) 로드했습니다.
02-Jul-2023 07:22:10.867 INFO [main] org.apache.catalina.core.AprLifecycleListener.lifecycleEvent APR 용량정보들: IPv6 [true], sendfile [true], accept filters [false], random [true], UDS [{4}].
02-Jul-2023 07:22:10.870 INFO [main] org.apache.catalina.core.AprLifecycleListener.lifecycleEvent APR/OpenSSL 설정: useAprConnector [false], useOpenSSL [true]
02-Jul-2023 07:22:10.876 INFO [main] org.apache.catalina.core.AprLifecycleListener.initializeSSL OpenSSL이 성공적으로 초기화되었습니다: [OpenSSL 1.1.1u  30 May 2023]
02-Jul-2023 07:22:10.973 INFO [main] org.apache.coyote.AbstractProtocol.init 프로토콜 핸들러 ["http-nio-8080"]을(를) 초기화합니다.
02-Jul-2023 07:22:10.996 INFO [main] org.apache.catalina.startup.Catalina.load Initialization processed in 536 ms
02-Jul-2023 07:22:11.044 INFO [main] org.apache.catalina.core.StandardService.startInternal 서비스 [Catalina]을(를) 시작합니다.
02-Jul-2023 07:22:11.047 INFO [main] org.apache.catalina.core.StandardEngine.startInternal 서버 엔진을 시작합니다: [Apache Tomcat/8.5.90]
02-Jul-2023 07:22:11.060 INFO [localhost-startStop-1] org.apache.catalina.startup.HostConfig.deployDirectory 웹 애플리케이션 디렉토리 [D:\coding\apache-tomcat-8.5.90\webapps\docs]을(를) 배치합니다.
02-Jul-2023 07:22:11.395 INFO [localhost-startStop-1] org.apache.jasper.servlet.TldScanner.scanJars 적어도 하나의 JAR가 TLD들을 찾기 위해 스캔되었으나 아무 것도 찾지 못했습니다. 스캔했으나 TLD가 없는 JAR들의 전체 목록을 보시려면, 로그 레벨을 디버그 레벨로 설정하십시오. 스캔 과정에서 불필요한 JAR들을 건너뛰면, 시스템 시작 시간과 JSP 컴파일 시간을 단축시킬 수 있습니다.
02-Jul-2023 07:22:45.278 INFO [main] org.apache.catalina.startup.VersionLoggerListener.log 서버 버전 이름:    Apache Tomcat/8.5.90
02-Jul-2023 07:22:45.283 INFO [main] org.apache.catalina.startup.VersionLoggerListener.log Server 빌드 시각:  Jun 2 2023 17:14:04 UTC
02-Jul-2023 07:22:45.284 INFO [main] org.apache.catalina.startup.VersionLoggerListener.log Server 버전 번호:  8.5.90.0
02-Jul-2023 07:22:45.284 INFO [main] org.apache.catalina.startup.VersionLoggerListener.log 운영체제 이름:     Windows 10
02-Jul-2023 07:22:45.284 INFO [main] org.apache.catalina.startup.VersionLoggerListener.log 운영체제 버전:     10.0
02-Jul-2023 07:22:45.284 INFO [main] org.apache.catalina.startup.VersionLoggerListener.log 아키텍처:          amd64
02-Jul-2023 07:22:45.284 INFO [main] org.apache.catalina.startup.VersionLoggerListener.log 자바 홈:           C:\Program Files\Java\jdk-11.0.16.1
02-Jul-2023 07:22:45.285 INFO [main] org.apache.catalina.startup.VersionLoggerListener.log JVM 버전:          11.0.16.1+1-LTS-1
02-Jul-2023 07:22:45.285 INFO [main] org.apache.catalina.startup.VersionLoggerListener.log JVM 벤더:          Oracle Corporation
02-Jul-2023 07:22:45.285 INFO [main] org.apache.catalina.startup.VersionLoggerListener.log CATALINA_BASE:     D:\coding\apache-tomcat-8.5.90
02-Jul-2023 07:22:45.285 INFO [main] org.apache.catalina.startup.VersionLoggerListener.log CATALINA_HOME:     D:\coding\apache-tomcat-8.5.90
02-Jul-2023 07:22:45.285 INFO [main] org.apache.catalina.startup.VersionLoggerListener.log 명령 행 아규먼트:  --add-opens=java.base/java.lang=ALL-UNNAMED
02-Jul-2023 07:22:45.286 INFO [main] org.apache.catalina.startup.VersionLoggerListener.log 명령 행 아규먼트:  --add-opens=java.base/java.io=ALL-UNNAMED
02-Jul-2023 07:22:45.287 INFO [main] org.apache.catalina.startup.VersionLoggerListener.log 명령 행 아규먼트:  --add-opens=java.base/java.util=ALL-UNNAMED
02-Jul-2023 07:22:45.288 INFO [main] org.apache.catalina.startup.VersionLoggerListener.log 명령 행 아규먼트:  --add-opens=java.base/java.util.concurrent=ALL-UNNAMED
02-Jul-2023 07:22:45.289 INFO [main] org.apache.catalina.startup.VersionLoggerListener.log 명령 행 아규먼트:  --add-opens=java.rmi/sun.rmi.transport=ALL-UNNAMED
02-Jul-2023 07:22:45.290 INFO [main] org.apache.catalina.startup.VersionLoggerListener.log 명령 행 아규먼트:  -Djava.util.logging.config.file=D:\coding\apache-tomcat-8.5.90\conf\logging.properties
02-Jul-2023 07:22:45.291 INFO [main] org.apache.catalina.startup.VersionLoggerListener.log 명령 행 아규먼트:  -Djava.util.logging.manager=org.apache.juli.ClassLoaderLogManager
02-Jul-2023 07:22:45.291 INFO [main] org.apache.catalina.startup.VersionLoggerListener.log 명령 행 아규먼트:  -Djdk.tls.ephemeralDHKeySize=2048
02-Jul-2023 07:22:45.292 INFO [main] org.apache.catalina.startup.VersionLoggerListener.log 명령 행 아규먼트:  -Djava.protocol.handler.pkgs=org.apache.catalina.webresources
02-Jul-2023 07:22:45.293 INFO [main] org.apache.catalina.startup.VersionLoggerListener.log 명령 행 아규먼트:  -Dignore.endorsed.dirs=
02-Jul-2023 07:22:45.294 INFO [main] org.apache.catalina.startup.VersionLoggerListener.log 명령 행 아규먼트:  -Dcatalina.base=D:\coding\apache-tomcat-8.5.90
02-Jul-2023 07:22:45.295 INFO [main] org.apache.catalina.startup.VersionLoggerListener.log 명령 행 아규먼트:  -Dcatalina.home=D:\coding\apache-tomcat-8.5.90
02-Jul-2023 07:22:45.298 INFO [main] org.apache.catalina.startup.VersionLoggerListener.log 명령 행 아규먼트:  -Djava.io.tmpdir=D:\coding\apache-tomcat-8.5.90\temp
02-Jul-2023 07:22:45.299 INFO [main] org.apache.catalina.core.AprLifecycleListener.lifecycleEvent APR 버전 [1.7.4]을(를) 사용한, APR 기반 Apache Tomcat Native 라이브러리 [1.2.37]을(를) 로드했습니다.
02-Jul-2023 07:22:45.300 INFO [main] org.apache.catalina.core.AprLifecycleListener.lifecycleEvent APR 용량정보들: IPv6 [true], sendfile [true], accept filters [false], random [true], UDS [{4}].
02-Jul-2023 07:22:45.301 INFO [main] org.apache.catalina.core.AprLifecycleListener.lifecycleEvent APR/OpenSSL 설정: useAprConnector [false], useOpenSSL [true]
02-Jul-2023 07:22:45.307 INFO [main] org.apache.catalina.core.AprLifecycleListener.initializeSSL OpenSSL이 성공적으로 초기화되었습니다: [OpenSSL 1.1.1u  30 May 2023]
02-Jul-2023 07:22:45.404 INFO [main] org.apache.coyote.AbstractProtocol.init 프로토콜 핸들러 ["http-nio-48080"]을(를) 초기화합니다.
02-Jul-2023 07:22:45.428 INFO [main] org.apache.catalina.startup.Catalina.load Initialization processed in 543 ms
02-Jul-2023 07:22:45.477 INFO [main] org.apache.catalina.core.StandardService.startInternal 서비스 [Catalina]을(를) 시작합니다.
02-Jul-2023 07:22:45.480 INFO [main] org.apache.catalina.core.StandardEngine.startInternal 서버 엔진을 시작합니다: [Apache Tomcat/8.5.90]
02-Jul-2023 07:22:45.492 INFO [localhost-startStop-1] org.apache.catalina.startup.HostConfig.deployDirectory 웹 애플리케이션 디렉토리 [D:\coding\apache-tomcat-8.5.90\webapps\docs]을(를) 배치합니다.
02-Jul-2023 07:22:45.838 INFO [localhost-startStop-1] org.apache.jasper.servlet.TldScanner.scanJars 적어도 하나의 JAR가 TLD들을 찾기 위해 스캔되었으나 아무 것도 찾지 못했습니다. 스캔했으나 TLD가 없는 JAR들의 전체 목록을 보시려면, 로그 레벨을 디버그 레벨로 설정하십시오. 스캔 과정에서 불필요한 JAR들을 건너뛰면, 시스템 시작 시간과 JSP 컴파일 시간을 단축시킬 수 있습니다.
02-Jul-2023 07:22:46.220 WARNING [localhost-startStop-1] org.apache.catalina.util.SessionIdGeneratorBase.createSecureRandom [SHA1PRNG] 알고리즘을 사용하여, 세션 ID를 생성하기 위한 SecureRandom 객체를 생성하는데, [358] 밀리초가 소요됐습니다.
02-Jul-2023 07:22:46.241 INFO [localhost-startStop-1] org.apache.catalina.startup.HostConfig.deployDirectory 웹 애플리케이션 디렉토리 [D:\coding\apache-tomcat-8.5.90\webapps\docs]에 대한 배치가 [749] 밀리초에 완료되었습니다.
02-Jul-2023 07:22:46.244 INFO [localhost-startStop-1] org.apache.catalina.startup.HostConfig.deployDirectory 웹 애플리케이션 디렉토리 [D:\coding\apache-tomcat-8.5.90\webapps\examples]을(를) 배치합니다.
02-Jul-2023 07:22:46.510 INFO [localhost-startStop-1] org.apache.jasper.servlet.TldScanner.scanJars 적어도 하나의 JAR가 TLD들을 찾기 위해 스캔되었으나 아무 것도 찾지 못했습니다. 스캔했으나 TLD가 없는 JAR들의 전체 목록을 보시려면, 로그 레벨을 디버그 레벨로 설정하십시오. 스캔 과정에서 불필요한 JAR들을 건너뛰면, 시스템 시작 시간과 JSP 컴파일 시간을 단축시킬 수 있습니다.
02-Jul-2023 07:22:46.561 INFO [localhost-startStop-1] org.apache.catalina.startup.HostConfig.deployDirectory 웹 애플리케이션 디렉토리 [D:\coding\apache-tomcat-8.5.90\webapps\examples]에 대한 배치가 [317] 밀리초에 완료되었습니다.
02-Jul-2023 07:22:46.564 INFO [localhost-startStop-1] org.apache.catalina.startup.HostConfig.deployDirectory 웹 애플리케이션 디렉토리 [D:\coding\apache-tomcat-8.5.90\webapps\host-manager]을(를) 배치합니다.
02-Jul-2023 07:22:46.675 INFO [localhost-startStop-1] org.apache.jasper.servlet.TldScanner.scanJars 적어도 하나의 JAR가 TLD들을 찾기 위해 스캔되었으나 아무 것도 찾지 못했습니다. 스캔했으나 TLD가 없는 JAR들의 전체 목록을 보시려면, 로그 레벨을 디버그 레벨로 설정하십시오. 스캔 과정에서 불필요한 JAR들을 건너뛰면, 시스템 시작 시간과 JSP 컴파일 시간을 단축시킬 수 있습니다.
02-Jul-2023 07:22:46.685 INFO [localhost-startStop-1] org.apache.catalina.startup.HostConfig.deployDirectory 웹 애플리케이션 디렉토리 [D:\coding\apache-tomcat-8.5.90\webapps\host-manager]에 대한 배치가 [121] 밀리초에 완료되었습니다.
02-Jul-2023 07:22:46.686 INFO [localhost-startStop-1] org.apache.catalina.startup.HostConfig.deployDirectory 웹 애플리케이션 디렉토리 [D:\coding\apache-tomcat-8.5.90\webapps\manager]을(를) 배치합니다.
02-Jul-2023 07:22:46.783 INFO [localhost-startStop-1] org.apache.jasper.servlet.TldScanner.scanJars 적어도 하나의 JAR가 TLD들을 찾기 위해 스캔되었으나 아무 것도 찾지 못했습니다. 스캔했으나 TLD가 없는 JAR들의 전체 목록을 보시려면, 로그 레벨을 디버그 레벨로 설정하십시오. 스캔 과정에서 불필요한 JAR들을 건너뛰면, 시스템 시작 시간과 JSP 컴파일 시간을 단축시킬 수 있습니다.
02-Jul-2023 07:22:46.788 INFO [localhost-startStop-1] org.apache.catalina.startup.HostConfig.deployDirectory 웹 애플리케이션 디렉토리 [D:\coding\apache-tomcat-8.5.90\webapps\manager]에 대한 배치가 [102] 밀리초에 완료되었습니다.
02-Jul-2023 07:22:46.789 INFO [localhost-startStop-1] org.apache.catalina.startup.HostConfig.deployDirectory 웹 애플리케이션 디렉토리 [D:\coding\apache-tomcat-8.5.90\webapps\ROOT]을(를) 배치합니다.
02-Jul-2023 07:22:46.889 INFO [localhost-startStop-1] org.apache.jasper.servlet.TldScanner.scanJars 적어도 하나의 JAR가 TLD들을 찾기 위해 스캔되었으나 아무 것도 찾지 못했습니다. 스캔했으나 TLD가 없는 JAR들의 전체 목록을 보시려면, 로그 레벨을 디버그 레벨로 설정하십시오. 스캔 과정에서 불필요한 JAR들을 건너뛰면, 시스템 시작 시간과 JSP 컴파일 시간을 단축시킬 수 있습니다.
02-Jul-2023 07:22:46.893 INFO [localhost-startStop-1] org.apache.catalina.startup.HostConfig.deployDirectory 웹 애플리케이션 디렉토리 [D:\coding\apache-tomcat-8.5.90\webapps\ROOT]에 대한 배치가 [104] 밀리초에 완료되었습니다.
02-Jul-2023 07:22:46.898 INFO [main] org.apache.coyote.AbstractProtocol.start 프로토콜 핸들러 ["http-nio-48080"]을(를) 시작합니다.
02-Jul-2023 07:22:47.233 INFO [main] org.apache.catalina.startup.Catalina.start Server startup in 1805 ms
02-Jul-2023 07:33:17.567 INFO [localhost-startStop-2] org.apache.catalina.startup.HostConfig.deployDirectory 웹 애플리케이션 디렉토리 [D:\coding\apache-tomcat-8.5.90\webapps\todolist]을(를) 배치합니다.
02-Jul-2023 07:33:17.668 INFO [localhost-startStop-2] org.apache.jasper.servlet.TldScanner.scanJars 적어도 하나의 JAR가 TLD들을 찾기 위해 스캔되었으나 아무 것도 찾지 못했습니다. 스캔했으나 TLD가 없는 JAR들의 전체 목록을 보시려면, 로그 레벨을 디버그 레벨로 설정하십시오. 스캔 과정에서 불필요한 JAR들을 건너뛰면, 시스템 시작 시간과 JSP 컴파일 시간을 단축시킬 수 있습니다.
02-Jul-2023 07:33:17.674 INFO [localhost-startStop-2] org.apache.catalina.startup.HostConfig.deployDirectory 웹 애플리케이션 디렉토리 [D:\coding\apache-tomcat-8.5.90\webapps\todolist]에 대한 배치가 [107] 밀리초에 완료되었습니다.
02-Jul-2023 08:39:46.167 INFO [main] org.apache.catalina.startup.VersionLoggerListener.log 서버 버전 이름:    Apache Tomcat/8.5.90
02-Jul-2023 08:39:46.172 INFO [main] org.apache.catalina.startup.VersionLoggerListener.log Server 빌드 시각:  Jun 2 2023 17:14:04 UTC
02-Jul-2023 08:39:46.173 INFO [main] org.apache.catalina.startup.VersionLoggerListener.log Server 버전 번호:  8.5.90.0
02-Jul-2023 08:39:46.173 INFO [main] org.apache.catalina.startup.VersionLoggerListener.log 운영체제 이름:     Windows 10
02-Jul-2023 08:39:46.174 INFO [main] org.apache.catalina.startup.VersionLoggerListener.log 운영체제 버전:     10.0
02-Jul-2023 08:39:46.174 INFO [main] org.apache.catalina.startup.VersionLoggerListener.log 아키텍처:          amd64
02-Jul-2023 08:39:46.175 INFO [main] org.apache.catalina.startup.VersionLoggerListener.log 자바 홈:           C:\Program Files\Java\jdk-11.0.16.1
02-Jul-2023 08:39:46.175 INFO [main] org.apache.catalina.startup.VersionLoggerListener.log JVM 버전:          11.0.16.1+1-LTS-1
02-Jul-2023 08:39:46.175 INFO [main] org.apache.catalina.startup.VersionLoggerListener.log JVM 벤더:          Oracle Corporation
02-Jul-2023 08:39:46.175 INFO [main] org.apache.catalina.startup.VersionLoggerListener.log CATALINA_BASE:     D:\coding\apache-tomcat-8.5.90
02-Jul-2023 08:39:46.175 INFO [main] org.apache.catalina.startup.VersionLoggerListener.log CATALINA_HOME:     D:\coding\apache-tomcat-8.5.90
02-Jul-2023 08:39:46.176 INFO [main] org.apache.catalina.startup.VersionLoggerListener.log 명령 행 아규먼트:  --add-opens=java.base/java.lang=ALL-UNNAMED
02-Jul-2023 08:39:46.177 INFO [main] org.apache.catalina.startup.VersionLoggerListener.log 명령 행 아규먼트:  --add-opens=java.base/java.io=ALL-UNNAMED
02-Jul-2023 08:39:46.178 INFO [main] org.apache.catalina.startup.VersionLoggerListener.log 명령 행 아규먼트:  --add-opens=java.base/java.util=ALL-UNNAMED
02-Jul-2023 08:39:46.179 INFO [main] org.apache.catalina.startup.VersionLoggerListener.log 명령 행 아규먼트:  --add-opens=java.base/java.util.concurrent=ALL-UNNAMED
02-Jul-2023 08:39:46.179 INFO [main] org.apache.catalina.startup.VersionLoggerListener.log 명령 행 아규먼트:  --add-opens=java.rmi/sun.rmi.transport=ALL-UNNAMED
02-Jul-2023 08:39:46.180 INFO [main] org.apache.catalina.startup.VersionLoggerListener.log 명령 행 아규먼트:  -Djava.util.logging.config.file=D:\coding\apache-tomcat-8.5.90\conf\logging.properties
02-Jul-2023 08:39:46.181 INFO [main] org.apache.catalina.startup.VersionLoggerListener.log 명령 행 아규먼트:  -Djava.util.logging.manager=org.apache.juli.ClassLoaderLogManager
02-Jul-2023 08:39:46.182 INFO [main] org.apache.catalina.startup.VersionLoggerListener.log 명령 행 아규먼트:  -Djdk.tls.ephemeralDHKeySize=2048
02-Jul-2023 08:39:46.183 INFO [main] org.apache.catalina.startup.VersionLoggerListener.log 명령 행 아규먼트:  -Djava.protocol.handler.pkgs=org.apache.catalina.webresources
02-Jul-2023 08:39:46.183 INFO [main] org.apache.catalina.startup.VersionLoggerListener.log 명령 행 아규먼트:  -Dignore.endorsed.dirs=
02-Jul-2023 08:39:46.184 INFO [main] org.apache.catalina.startup.VersionLoggerListener.log 명령 행 아규먼트:  -Dcatalina.base=D:\coding\apache-tomcat-8.5.90
02-Jul-2023 08:39:46.185 INFO [main] org.apache.catalina.startup.VersionLoggerListener.log 명령 행 아규먼트:  -Dcatalina.home=D:\coding\apache-tomcat-8.5.90
02-Jul-2023 08:39:46.186 INFO [main] org.apache.catalina.startup.VersionLoggerListener.log 명령 행 아규먼트:  -Djava.io.tmpdir=D:\coding\apache-tomcat-8.5.90\temp
02-Jul-2023 08:39:46.187 INFO [main] org.apache.catalina.core.AprLifecycleListener.lifecycleEvent APR 버전 [1.7.4]을(를) 사용한, APR 기반 Apache Tomcat Native 라이브러리 [1.2.37]을(를) 로드했습니다.
02-Jul-2023 08:39:46.188 INFO [main] org.apache.catalina.core.AprLifecycleListener.lifecycleEvent APR 용량정보들: IPv6 [true], sendfile [true], accept filters [false], random [true], UDS [{4}].
02-Jul-2023 08:39:46.189 INFO [main] org.apache.catalina.core.AprLifecycleListener.lifecycleEvent APR/OpenSSL 설정: useAprConnector [false], useOpenSSL [true]
02-Jul-2023 08:39:46.198 INFO [main] org.apache.catalina.core.AprLifecycleListener.initializeSSL OpenSSL이 성공적으로 초기화되었습니다: [OpenSSL 1.1.1u  30 May 2023]
02-Jul-2023 08:39:46.295 INFO [main] org.apache.coyote.AbstractProtocol.init 프로토콜 핸들러 ["http-nio-48080"]을(를) 초기화합니다.
02-Jul-2023 08:39:46.320 INFO [main] org.apache.catalina.startup.Catalina.load Initialization processed in 552 ms
02-Jul-2023 08:39:46.372 INFO [main] org.apache.catalina.core.StandardService.startInternal 서비스 [Catalina]을(를) 시작합니다.
02-Jul-2023 08:39:46.375 INFO [main] org.apache.catalina.core.StandardEngine.startInternal 서버 엔진을 시작합니다: [Apache Tomcat/8.5.90]
02-Jul-2023 08:39:46.386 INFO [localhost-startStop-1] org.apache.catalina.startup.HostConfig.deployDirectory 웹 애플리케이션 디렉토리 [D:\coding\apache-tomcat-8.5.90\webapps\docs]을(를) 배치합니다.
02-Jul-2023 08:39:46.752 INFO [localhost-startStop-1] org.apache.jasper.servlet.TldScanner.scanJars 적어도 하나의 JAR가 TLD들을 찾기 위해 스캔되었으나 아무 것도 찾지 못했습니다. 스캔했으나 TLD가 없는 JAR들의 전체 목록을 보시려면, 로그 레벨을 디버그 레벨로 설정하십시오. 스캔 과정에서 불필요한 JAR들을 건너뛰면, 시스템 시작 시간과 JSP 컴파일 시간을 단축시킬 수 있습니다.
02-Jul-2023 08:39:47.121 WARNING [localhost-startStop-1] org.apache.catalina.util.SessionIdGeneratorBase.createSecureRandom [SHA1PRNG] 알고리즘을 사용하여, 세션 ID를 생성하기 위한 SecureRandom 객체를 생성하는데, [347] 밀리초가 소요됐습니다.
02-Jul-2023 08:39:47.144 INFO [localhost-startStop-1] org.apache.catalina.startup.HostConfig.deployDirectory 웹 애플리케이션 디렉토리 [D:\coding\apache-tomcat-8.5.90\webapps\docs]에 대한 배치가 [757] 밀리초에 완료되었습니다.
02-Jul-2023 08:39:47.145 INFO [localhost-startStop-1] org.apache.catalina.startup.HostConfig.deployDirectory 웹 애플리케이션 디렉토리 [D:\coding\apache-tomcat-8.5.90\webapps\examples]을(를) 배치합니다.
02-Jul-2023 08:39:47.461 INFO [localhost-startStop-1] org.apache.jasper.servlet.TldScanner.scanJars 적어도 하나의 JAR가 TLD들을 찾기 위해 스캔되었으나 아무 것도 찾지 못했습니다. 스캔했으나 TLD가 없는 JAR들의 전체 목록을 보시려면, 로그 레벨을 디버그 레벨로 설정하십시오. 스캔 과정에서 불필요한 JAR들을 건너뛰면, 시스템 시작 시간과 JSP 컴파일 시간을 단축시킬 수 있습니다.
02-Jul-2023 08:39:47.506 INFO [localhost-startStop-1] org.apache.catalina.startup.HostConfig.deployDirectory 웹 애플리케이션 디렉토리 [D:\coding\apache-tomcat-8.5.90\webapps\examples]에 대한 배치가 [361] 밀리초에 완료되었습니다.
02-Jul-2023 08:39:47.509 INFO [localhost-startStop-1] org.apache.catalina.startup.HostConfig.deployDirectory 웹 애플리케이션 디렉토리 [D:\coding\apache-tomcat-8.5.90\webapps\host-manager]을(를) 배치합니다.
02-Jul-2023 08:39:47.616 INFO [localhost-startStop-1] org.apache.jasper.servlet.TldScanner.scanJars 적어도 하나의 JAR가 TLD들을 찾기 위해 스캔되었으나 아무 것도 찾지 못했습니다. 스캔했으나 TLD가 없는 JAR들의 전체 목록을 보시려면, 로그 레벨을 디버그 레벨로 설정하십시오. 스캔 과정에서 불필요한 JAR들을 건너뛰면, 시스템 시작 시간과 JSP 컴파일 시간을 단축시킬 수 있습니다.
02-Jul-2023 08:39:47.624 INFO [localhost-startStop-1] org.apache.catalina.startup.HostConfig.deployDirectory 웹 애플리케이션 디렉토리 [D:\coding\apache-tomcat-8.5.90\webapps\host-manager]에 대한 배치가 [115] 밀리초에 완료되었습니다.
02-Jul-2023 08:39:47.626 INFO [localhost-startStop-1] org.apache.catalina.startup.HostConfig.deployDirectory 웹 애플리케이션 디렉토리 [D:\coding\apache-tomcat-8.5.90\webapps\manager]을(를) 배치합니다.
02-Jul-2023 08:39:47.716 INFO [localhost-startStop-1] org.apache.jasper.servlet.TldScanner.scanJars 적어도 하나의 JAR가 TLD들을 찾기 위해 스캔되었으나 아무 것도 찾지 못했습니다. 스캔했으나 TLD가 없는 JAR들의 전체 목록을 보시려면, 로그 레벨을 디버그 레벨로 설정하십시오. 스캔 과정에서 불필요한 JAR들을 건너뛰면, 시스템 시작 시간과 JSP 컴파일 시간을 단축시킬 수 있습니다.
02-Jul-2023 08:39:47.722 INFO [localhost-startStop-1] org.apache.catalina.startup.HostConfig.deployDirectory 웹 애플리케이션 디렉토리 [D:\coding\apache-tomcat-8.5.90\webapps\manager]에 대한 배치가 [96] 밀리초에 완료되었습니다.
02-Jul-2023 08:39:47.723 INFO [localhost-startStop-1] org.apache.catalina.startup.HostConfig.deployDirectory 웹 애플리케이션 디렉토리 [D:\coding\apache-tomcat-8.5.90\webapps\ROOT]을(를) 배치합니다.
02-Jul-2023 08:39:47.813 INFO [localhost-startStop-1] org.apache.jasper.servlet.TldScanner.scanJars 적어도 하나의 JAR가 TLD들을 찾기 위해 스캔되었으나 아무 것도 찾지 못했습니다. 스캔했으나 TLD가 없는 JAR들의 전체 목록을 보시려면, 로그 레벨을 디버그 레벨로 설정하십시오. 스캔 과정에서 불필요한 JAR들을 건너뛰면, 시스템 시작 시간과 JSP 컴파일 시간을 단축시킬 수 있습니다.
02-Jul-2023 08:39:47.819 INFO [localhost-startStop-1] org.apache.catalina.startup.HostConfig.deployDirectory 웹 애플리케이션 디렉토리 [D:\coding\apache-tomcat-8.5.90\webapps\ROOT]에 대한 배치가 [96] 밀리초에 완료되었습니다.
02-Jul-2023 08:39:47.820 INFO [localhost-startStop-1] org.apache.catalina.startup.HostConfig.deployDirectory 웹 애플리케이션 디렉토리 [D:\coding\apache-tomcat-8.5.90\webapps\todolist]을(를) 배치합니다.
02-Jul-2023 08:39:47.920 INFO [localhost-startStop-1] org.apache.jasper.servlet.TldScanner.scanJars 적어도 하나의 JAR가 TLD들을 찾기 위해 스캔되었으나 아무 것도 찾지 못했습니다. 스캔했으나 TLD가 없는 JAR들의 전체 목록을 보시려면, 로그 레벨을 디버그 레벨로 설정하십시오. 스캔 과정에서 불필요한 JAR들을 건너뛰면, 시스템 시작 시간과 JSP 컴파일 시간을 단축시킬 수 있습니다.
02-Jul-2023 08:39:47.931 INFO [localhost-startStop-1] org.apache.catalina.startup.HostConfig.deployDirectory 웹 애플리케이션 디렉토리 [D:\coding\apache-tomcat-8.5.90\webapps\todolist]에 대한 배치가 [111] 밀리초에 완료되었습니다.
02-Jul-2023 08:39:47.936 INFO [main] org.apache.coyote.AbstractProtocol.start 프로토콜 핸들러 ["http-nio-48080"]을(를) 시작합니다.
02-Jul-2023 08:39:48.281 INFO [main] org.apache.catalina.startup.Catalina.start Server startup in 1960 ms
02-Jul-2023 23:13:59.946 INFO [main] org.apache.catalina.startup.VersionLoggerListener.log 서버 버전 이름:    Apache Tomcat/8.5.90
02-Jul-2023 23:13:59.953 INFO [main] org.apache.catalina.startup.VersionLoggerListener.log Server 빌드 시각:  Jun 2 2023 17:14:04 UTC
02-Jul-2023 23:13:59.954 INFO [main] org.apache.catalina.startup.VersionLoggerListener.log Server 버전 번호:  8.5.90.0
02-Jul-2023 23:13:59.954 INFO [main] org.apache.catalina.startup.VersionLoggerListener.log 운영체제 이름:     Windows 10
02-Jul-2023 23:13:59.954 INFO [main] org.apache.catalina.startup.VersionLoggerListener.log 운영체제 버전:     10.0
02-Jul-2023 23:13:59.954 INFO [main] org.apache.catalina.startup.VersionLoggerListener.log 아키텍처:          amd64
02-Jul-2023 23:13:59.955 INFO [main] org.apache.catalina.startup.VersionLoggerListener.log 자바 홈:           C:\Program Files\Java\jdk-11.0.16.1
02-Jul-2023 23:13:59.955 INFO [main] org.apache.catalina.startup.VersionLoggerListener.log JVM 버전:          11.0.16.1+1-LTS-1
02-Jul-2023 23:13:59.955 INFO [main] org.apache.catalina.startup.VersionLoggerListener.log JVM 벤더:          Oracle Corporation
02-Jul-2023 23:13:59.955 INFO [main] org.apache.catalina.startup.VersionLoggerListener.log CATALINA_BASE:     D:\coding\apache-tomcat-8.5.90
02-Jul-2023 23:13:59.955 INFO [main] org.apache.catalina.startup.VersionLoggerListener.log CATALINA_HOME:     D:\coding\apache-tomcat-8.5.90
02-Jul-2023 23:13:59.956 INFO [main] org.apache.catalina.startup.VersionLoggerListener.log 명령 행 아규먼트:  --add-opens=java.base/java.lang=ALL-UNNAMED
02-Jul-2023 23:13:59.956 INFO [main] org.apache.catalina.startup.VersionLoggerListener.log 명령 행 아규먼트:  --add-opens=java.base/java.io=ALL-UNNAMED
02-Jul-2023 23:13:59.958 INFO [main] org.apache.catalina.startup.VersionLoggerListener.log 명령 행 아규먼트:  --add-opens=java.base/java.util=ALL-UNNAMED
02-Jul-2023 23:13:59.959 INFO [main] org.apache.catalina.startup.VersionLoggerListener.log 명령 행 아규먼트:  --add-opens=java.base/java.util.concurrent=ALL-UNNAMED
02-Jul-2023 23:13:59.960 INFO [main] org.apache.catalina.startup.VersionLoggerListener.log 명령 행 아규먼트:  --add-opens=java.rmi/sun.rmi.transport=ALL-UNNAMED
02-Jul-2023 23:13:59.961 INFO [main] org.apache.catalina.startup.VersionLoggerListener.log 명령 행 아규먼트:  -Djava.util.logging.config.file=D:\coding\apache-tomcat-8.5.90\conf\logging.properties
02-Jul-2023 23:13:59.961 INFO [main] org.apache.catalina.startup.VersionLoggerListener.log 명령 행 아규먼트:  -Djava.util.logging.manager=org.apache.juli.ClassLoaderLogManager
02-Jul-2023 23:13:59.962 INFO [main] org.apache.catalina.startup.VersionLoggerListener.log 명령 행 아규먼트:  -Djdk.tls.ephemeralDHKeySize=2048
02-Jul-2023 23:13:59.963 INFO [main] org.apache.catalina.startup.VersionLoggerListener.log 명령 행 아규먼트:  -Djava.protocol.handler.pkgs=org.apache.catalina.webresources
02-Jul-2023 23:13:59.965 INFO [main] org.apache.catalina.startup.VersionLoggerListener.log 명령 행 아규먼트:  -Dignore.endorsed.dirs=
02-Jul-2023 23:13:59.966 INFO [main] org.apache.catalina.startup.VersionLoggerListener.log 명령 행 아규먼트:  -Dcatalina.base=D:\coding\apache-tomcat-8.5.90
02-Jul-2023 23:13:59.966 INFO [main] org.apache.catalina.startup.VersionLoggerListener.log 명령 행 아규먼트:  -Dcatalina.home=D:\coding\apache-tomcat-8.5.90
02-Jul-2023 23:13:59.972 INFO [main] org.apache.catalina.startup.VersionLoggerListener.log 명령 행 아규먼트:  -Djava.io.tmpdir=D:\coding\apache-tomcat-8.5.90\temp
02-Jul-2023 23:13:59.973 INFO [main] org.apache.catalina.core.AprLifecycleListener.lifecycleEvent APR 버전 [1.7.4]을(를) 사용한, APR 기반 Apache Tomcat Native 라이브러리 [1.2.37]을(를) 로드했습니다.
02-Jul-2023 23:13:59.976 INFO [main] org.apache.catalina.core.AprLifecycleListener.lifecycleEvent APR 용량정보들: IPv6 [true], sendfile [true], accept filters [false], random [true], UDS [{4}].
02-Jul-2023 23:13:59.978 INFO [main] org.apache.catalina.core.AprLifecycleListener.lifecycleEvent APR/OpenSSL 설정: useAprConnector [false], useOpenSSL [true]
02-Jul-2023 23:13:59.985 INFO [main] org.apache.catalina.core.AprLifecycleListener.initializeSSL OpenSSL이 성공적으로 초기화되었습니다: [OpenSSL 1.1.1u  30 May 2023]
02-Jul-2023 23:14:00.091 INFO [main] org.apache.coyote.AbstractProtocol.init 프로토콜 핸들러 ["http-nio-48080"]을(를) 초기화합니다.
02-Jul-2023 23:14:00.115 INFO [main] org.apache.catalina.startup.Catalina.load Initialization processed in 586 ms
02-Jul-2023 23:14:00.167 INFO [main] org.apache.catalina.core.StandardService.startInternal 서비스 [Catalina]을(를) 시작합니다.
02-Jul-2023 23:14:00.170 INFO [main] org.apache.catalina.core.StandardEngine.startInternal 서버 엔진을 시작합니다: [Apache Tomcat/8.5.90]
02-Jul-2023 23:14:00.183 INFO [localhost-startStop-1] org.apache.catalina.startup.HostConfig.deployDirectory 웹 애플리케이션 디렉토리 [D:\coding\apache-tomcat-8.5.90\webapps\docs]을(를) 배치합니다.
02-Jul-2023 23:14:00.567 INFO [localhost-startStop-1] org.apache.jasper.servlet.TldScanner.scanJars 적어도 하나의 JAR가 TLD들을 찾기 위해 스캔되었으나 아무 것도 찾지 못했습니다. 스캔했으나 TLD가 없는 JAR들의 전체 목록을 보시려면, 로그 레벨을 디버그 레벨로 설정하십시오. 스캔 과정에서 불필요한 JAR들을 건너뛰면, 시스템 시작 시간과 JSP 컴파일 시간을 단축시킬 수 있습니다.
02-Jul-2023 23:14:00.890 WARNING [localhost-startStop-1] org.apache.catalina.util.SessionIdGeneratorBase.createSecureRandom [SHA1PRNG] 알고리즘을 사용하여, 세션 ID를 생성하기 위한 SecureRandom 객체를 생성하는데, [286] 밀리초가 소요됐습니다.
02-Jul-2023 23:14:00.928 INFO [localhost-startStop-1] org.apache.catalina.startup.HostConfig.deployDirectory 웹 애플리케이션 디렉토리 [D:\coding\apache-tomcat-8.5.90\webapps\docs]에 대한 배치가 [745] 밀리초에 완료되었습니다.
02-Jul-2023 23:14:00.931 INFO [localhost-startStop-1] org.apache.catalina.startup.HostConfig.deployDirectory 웹 애플리케이션 디렉토리 [D:\coding\apache-tomcat-8.5.90\webapps\examples]을(를) 배치합니다.
02-Jul-2023 23:14:01.227 INFO [localhost-startStop-1] org.apache.jasper.servlet.TldScanner.scanJars 적어도 하나의 JAR가 TLD들을 찾기 위해 스캔되었으나 아무 것도 찾지 못했습니다. 스캔했으나 TLD가 없는 JAR들의 전체 목록을 보시려면, 로그 레벨을 디버그 레벨로 설정하십시오. 스캔 과정에서 불필요한 JAR들을 건너뛰면, 시스템 시작 시간과 JSP 컴파일 시간을 단축시킬 수 있습니다.
02-Jul-2023 23:14:01.273 INFO [localhost-startStop-1] org.apache.catalina.startup.HostConfig.deployDirectory 웹 애플리케이션 디렉토리 [D:\coding\apache-tomcat-8.5.90\webapps\examples]에 대한 배치가 [342] 밀리초에 완료되었습니다.
02-Jul-2023 23:14:01.276 INFO [localhost-startStop-1] org.apache.catalina.startup.HostConfig.deployDirectory 웹 애플리케이션 디렉토리 [D:\coding\apache-tomcat-8.5.90\webapps\host-manager]을(를) 배치합니다.
02-Jul-2023 23:14:01.388 INFO [localhost-startStop-1] org.apache.jasper.servlet.TldScanner.scanJars 적어도 하나의 JAR가 TLD들을 찾기 위해 스캔되었으나 아무 것도 찾지 못했습니다. 스캔했으나 TLD가 없는 JAR들의 전체 목록을 보시려면, 로그 레벨을 디버그 레벨로 설정하십시오. 스캔 과정에서 불필요한 JAR들을 건너뛰면, 시스템 시작 시간과 JSP 컴파일 시간을 단축시킬 수 있습니다.
02-Jul-2023 23:14:01.398 INFO [localhost-startStop-1] org.apache.catalina.startup.HostConfig.deployDirectory 웹 애플리케이션 디렉토리 [D:\coding\apache-tomcat-8.5.90\webapps\host-manager]에 대한 배치가 [122] 밀리초에 완료되었습니다.
02-Jul-2023 23:14:01.400 INFO [localhost-startStop-1] org.apache.catalina.startup.HostConfig.deployDirectory 웹 애플리케이션 디렉토리 [D:\coding\apache-tomcat-8.5.90\webapps\manager]을(를) 배치합니다.
02-Jul-2023 23:14:01.495 INFO [localhost-startStop-1] org.apache.jasper.servlet.TldScanner.scanJars 적어도 하나의 JAR가 TLD들을 찾기 위해 스캔되었으나 아무 것도 찾지 못했습니다. 스캔했으나 TLD가 없는 JAR들의 전체 목록을 보시려면, 로그 레벨을 디버그 레벨로 설정하십시오. 스캔 과정에서 불필요한 JAR들을 건너뛰면, 시스템 시작 시간과 JSP 컴파일 시간을 단축시킬 수 있습니다.
02-Jul-2023 23:14:01.500 INFO [localhost-startStop-1] org.apache.catalina.startup.HostConfig.deployDirectory 웹 애플리케이션 디렉토리 [D:\coding\apache-tomcat-8.5.90\webapps\manager]에 대한 배치가 [100] 밀리초에 완료되었습니다.
02-Jul-2023 23:14:01.502 INFO [localhost-startStop-1] org.apache.catalina.startup.HostConfig.deployDirectory 웹 애플리케이션 디렉토리 [D:\coding\apache-tomcat-8.5.90\webapps\ROOT]을(를) 배치합니다.
02-Jul-2023 23:14:01.609 INFO [localhost-startStop-1] org.apache.jasper.servlet.TldScanner.scanJars 적어도 하나의 JAR가 TLD들을 찾기 위해 스캔되었으나 아무 것도 찾지 못했습니다. 스캔했으나 TLD가 없는 JAR들의 전체 목록을 보시려면, 로그 레벨을 디버그 레벨로 설정하십시오. 스캔 과정에서 불필요한 JAR들을 건너뛰면, 시스템 시작 시간과 JSP 컴파일 시간을 단축시킬 수 있습니다.
02-Jul-2023 23:14:01.615 INFO [localhost-startStop-1] org.apache.catalina.startup.HostConfig.deployDirectory 웹 애플리케이션 디렉토리 [D:\coding\apache-tomcat-8.5.90\webapps\ROOT]에 대한 배치가 [112] 밀리초에 완료되었습니다.
02-Jul-2023 23:14:01.616 INFO [localhost-startStop-1] org.apache.catalina.startup.HostConfig.deployDirectory 웹 애플리케이션 디렉토리 [D:\coding\apache-tomcat-8.5.90\webapps\todolist]을(를) 배치합니다.
02-Jul-2023 23:14:01.712 INFO [localhost-startStop-1] org.apache.jasper.servlet.TldScanner.scanJars 적어도 하나의 JAR가 TLD들을 찾기 위해 스캔되었으나 아무 것도 찾지 못했습니다. 스캔했으나 TLD가 없는 JAR들의 전체 목록을 보시려면, 로그 레벨을 디버그 레벨로 설정하십시오. 스캔 과정에서 불필요한 JAR들을 건너뛰면, 시스템 시작 시간과 JSP 컴파일 시간을 단축시킬 수 있습니다.
02-Jul-2023 23:14:01.722 INFO [localhost-startStop-1] org.apache.catalina.startup.HostConfig.deployDirectory 웹 애플리케이션 디렉토리 [D:\coding\apache-tomcat-8.5.90\webapps\todolist]에 대한 배치가 [105] 밀리초에 완료되었습니다.
02-Jul-2023 23:14:01.726 INFO [main] org.apache.coyote.AbstractProtocol.start 프로토콜 핸들러 ["http-nio-48080"]을(를) 시작합니다.
02-Jul-2023 23:14:02.039 INFO [main] org.apache.catalina.startup.Catalina.start Server startup in 1923 ms
