12-Apr-2024 23:02:22.993 INFO [main] org.apache.catalina.startup.VersionLoggerListener.log 서버 버전 이름:    Apache Tomcat/8.5.90
12-Apr-2024 23:02:22.998 INFO [main] org.apache.catalina.startup.VersionLoggerListener.log Server 빌드 시각:  Jun 2 2023 17:14:04 UTC
12-Apr-2024 23:02:23.001 INFO [main] org.apache.catalina.startup.VersionLoggerListener.log Server 버전 번호:  8.5.90.0
12-Apr-2024 23:02:23.002 INFO [main] org.apache.catalina.startup.VersionLoggerListener.log 운영체제 이름:     Windows 10
12-Apr-2024 23:02:23.002 INFO [main] org.apache.catalina.startup.VersionLoggerListener.log 운영체제 버전:     10.0
12-Apr-2024 23:02:23.002 INFO [main] org.apache.catalina.startup.VersionLoggerListener.log 아키텍처:          amd64
12-Apr-2024 23:02:23.002 INFO [main] org.apache.catalina.startup.VersionLoggerListener.log 자바 홈:           C:\Program Files\Java\jdk-11.0.16.1
12-Apr-2024 23:02:23.003 INFO [main] org.apache.catalina.startup.VersionLoggerListener.log JVM 버전:          11.0.16.1+1-LTS-1
12-Apr-2024 23:02:23.003 INFO [main] org.apache.catalina.startup.VersionLoggerListener.log JVM 벤더:          Oracle Corporation
12-Apr-2024 23:02:23.003 INFO [main] org.apache.catalina.startup.VersionLoggerListener.log CATALINA_BASE:     D:\coding\apache-tomcat-8.5.90
12-Apr-2024 23:02:23.003 INFO [main] org.apache.catalina.startup.VersionLoggerListener.log CATALINA_HOME:     D:\coding\apache-tomcat-8.5.90
12-Apr-2024 23:02:23.003 INFO [main] org.apache.catalina.startup.VersionLoggerListener.log 명령 행 아규먼트:  --add-opens=java.base/java.lang=ALL-UNNAMED
12-Apr-2024 23:02:23.004 INFO [main] org.apache.catalina.startup.VersionLoggerListener.log 명령 행 아규먼트:  --add-opens=java.base/java.io=ALL-UNNAMED
12-Apr-2024 23:02:23.004 INFO [main] org.apache.catalina.startup.VersionLoggerListener.log 명령 행 아규먼트:  --add-opens=java.base/java.util=ALL-UNNAMED
12-Apr-2024 23:02:23.004 INFO [main] org.apache.catalina.startup.VersionLoggerListener.log 명령 행 아규먼트:  --add-opens=java.base/java.util.concurrent=ALL-UNNAMED
12-Apr-2024 23:02:23.004 INFO [main] org.apache.catalina.startup.VersionLoggerListener.log 명령 행 아규먼트:  --add-opens=java.rmi/sun.rmi.transport=ALL-UNNAMED
12-Apr-2024 23:02:23.005 INFO [main] org.apache.catalina.startup.VersionLoggerListener.log 명령 행 아규먼트:  -Djava.util.logging.config.file=D:\coding\apache-tomcat-8.5.90\conf\logging.properties
12-Apr-2024 23:02:23.006 INFO [main] org.apache.catalina.startup.VersionLoggerListener.log 명령 행 아규먼트:  -Djava.util.logging.manager=org.apache.juli.ClassLoaderLogManager
12-Apr-2024 23:02:23.006 INFO [main] org.apache.catalina.startup.VersionLoggerListener.log 명령 행 아규먼트:  -Djdk.tls.ephemeralDHKeySize=2048
12-Apr-2024 23:02:23.006 INFO [main] org.apache.catalina.startup.VersionLoggerListener.log 명령 행 아규먼트:  -Djava.protocol.handler.pkgs=org.apache.catalina.webresources
12-Apr-2024 23:02:23.007 INFO [main] org.apache.catalina.startup.VersionLoggerListener.log 명령 행 아규먼트:  -Dignore.endorsed.dirs=
12-Apr-2024 23:02:23.007 INFO [main] org.apache.catalina.startup.VersionLoggerListener.log 명령 행 아규먼트:  -Dcatalina.base=D:\coding\apache-tomcat-8.5.90
12-Apr-2024 23:02:23.007 INFO [main] org.apache.catalina.startup.VersionLoggerListener.log 명령 행 아규먼트:  -Dcatalina.home=D:\coding\apache-tomcat-8.5.90
12-Apr-2024 23:02:23.008 INFO [main] org.apache.catalina.startup.VersionLoggerListener.log 명령 행 아규먼트:  -Djava.io.tmpdir=D:\coding\apache-tomcat-8.5.90\temp
12-Apr-2024 23:02:23.008 INFO [main] org.apache.catalina.core.AprLifecycleListener.lifecycleEvent APR 버전 [1.7.4]을(를) 사용한, APR 기반 Apache Tomcat Native 라이브러리 [1.2.37]을(를) 로드했습니다.
12-Apr-2024 23:02:23.009 INFO [main] org.apache.catalina.core.AprLifecycleListener.lifecycleEvent APR 용량정보들: IPv6 [true], sendfile [true], accept filters [false], random [true], UDS [{4}].
12-Apr-2024 23:02:23.009 INFO [main] org.apache.catalina.core.AprLifecycleListener.lifecycleEvent APR/OpenSSL 설정: useAprConnector [false], useOpenSSL [true]
12-Apr-2024 23:02:23.033 INFO [main] org.apache.catalina.core.AprLifecycleListener.initializeSSL OpenSSL이 성공적으로 초기화되었습니다: [OpenSSL 1.1.1u  30 May 2023]
12-Apr-2024 23:02:23.169 INFO [main] org.apache.coyote.AbstractProtocol.init 프로토콜 핸들러 ["http-nio-48080"]을(를) 초기화합니다.
12-Apr-2024 23:02:23.198 INFO [main] org.apache.catalina.startup.Catalina.load Initialization processed in 736 ms
12-Apr-2024 23:02:23.262 INFO [main] org.apache.catalina.core.StandardService.startInternal 서비스 [Catalina]을(를) 시작합니다.
12-Apr-2024 23:02:23.263 INFO [main] org.apache.catalina.core.StandardEngine.startInternal 서버 엔진을 시작합니다: [Apache Tomcat/8.5.90]
12-Apr-2024 23:02:23.283 INFO [localhost-startStop-1] org.apache.catalina.startup.HostConfig.deployDirectory 웹 애플리케이션 디렉토리 [D:\coding\apache-tomcat-8.5.90\webapps\docs]을(를) 배치합니다.
12-Apr-2024 23:02:23.721 INFO [localhost-startStop-1] org.apache.jasper.servlet.TldScanner.scanJars 적어도 하나의 JAR가 TLD들을 찾기 위해 스캔되었으나 아무 것도 찾지 못했습니다. 스캔했으나 TLD가 없는 JAR들의 전체 목록을 보시려면, 로그 레벨을 디버그 레벨로 설정하십시오. 스캔 과정에서 불필요한 JAR들을 건너뛰면, 시스템 시작 시간과 JSP 컴파일 시간을 단축시킬 수 있습니다.
12-Apr-2024 23:02:24.123 WARNING [localhost-startStop-1] org.apache.catalina.util.SessionIdGeneratorBase.createSecureRandom [SHA1PRNG] 알고리즘을 사용하여, 세션 ID를 생성하기 위한 SecureRandom 객체를 생성하는데, [378] 밀리초가 소요됐습니다.
12-Apr-2024 23:02:24.149 INFO [localhost-startStop-1] org.apache.catalina.startup.HostConfig.deployDirectory 웹 애플리케이션 디렉토리 [D:\coding\apache-tomcat-8.5.90\webapps\docs]에 대한 배치가 [865] 밀리초에 완료되었습니다.
12-Apr-2024 23:02:24.149 INFO [localhost-startStop-1] org.apache.catalina.startup.HostConfig.deployDirectory 웹 애플리케이션 디렉토리 [D:\coding\apache-tomcat-8.5.90\webapps\examples]을(를) 배치합니다.
12-Apr-2024 23:02:24.524 INFO [localhost-startStop-1] org.apache.jasper.servlet.TldScanner.scanJars 적어도 하나의 JAR가 TLD들을 찾기 위해 스캔되었으나 아무 것도 찾지 못했습니다. 스캔했으나 TLD가 없는 JAR들의 전체 목록을 보시려면, 로그 레벨을 디버그 레벨로 설정하십시오. 스캔 과정에서 불필요한 JAR들을 건너뛰면, 시스템 시작 시간과 JSP 컴파일 시간을 단축시킬 수 있습니다.
12-Apr-2024 23:02:24.572 INFO [localhost-startStop-1] org.apache.catalina.startup.HostConfig.deployDirectory 웹 애플리케이션 디렉토리 [D:\coding\apache-tomcat-8.5.90\webapps\examples]에 대한 배치가 [423] 밀리초에 완료되었습니다.
12-Apr-2024 23:02:24.572 INFO [localhost-startStop-1] org.apache.catalina.startup.HostConfig.deployDirectory 웹 애플리케이션 디렉토리 [D:\coding\apache-tomcat-8.5.90\webapps\host-manager]을(를) 배치합니다.
12-Apr-2024 23:02:24.702 INFO [localhost-startStop-1] org.apache.jasper.servlet.TldScanner.scanJars 적어도 하나의 JAR가 TLD들을 찾기 위해 스캔되었으나 아무 것도 찾지 못했습니다. 스캔했으나 TLD가 없는 JAR들의 전체 목록을 보시려면, 로그 레벨을 디버그 레벨로 설정하십시오. 스캔 과정에서 불필요한 JAR들을 건너뛰면, 시스템 시작 시간과 JSP 컴파일 시간을 단축시킬 수 있습니다.
12-Apr-2024 23:02:24.708 INFO [localhost-startStop-1] org.apache.catalina.startup.HostConfig.deployDirectory 웹 애플리케이션 디렉토리 [D:\coding\apache-tomcat-8.5.90\webapps\host-manager]에 대한 배치가 [136] 밀리초에 완료되었습니다.
12-Apr-2024 23:02:24.709 INFO [localhost-startStop-1] org.apache.catalina.startup.HostConfig.deployDirectory 웹 애플리케이션 디렉토리 [D:\coding\apache-tomcat-8.5.90\webapps\manager]을(를) 배치합니다.
12-Apr-2024 23:02:24.814 INFO [localhost-startStop-1] org.apache.jasper.servlet.TldScanner.scanJars 적어도 하나의 JAR가 TLD들을 찾기 위해 스캔되었으나 아무 것도 찾지 못했습니다. 스캔했으나 TLD가 없는 JAR들의 전체 목록을 보시려면, 로그 레벨을 디버그 레벨로 설정하십시오. 스캔 과정에서 불필요한 JAR들을 건너뛰면, 시스템 시작 시간과 JSP 컴파일 시간을 단축시킬 수 있습니다.
12-Apr-2024 23:02:24.817 INFO [localhost-startStop-1] org.apache.catalina.startup.HostConfig.deployDirectory 웹 애플리케이션 디렉토리 [D:\coding\apache-tomcat-8.5.90\webapps\manager]에 대한 배치가 [108] 밀리초에 완료되었습니다.
12-Apr-2024 23:02:24.818 INFO [localhost-startStop-1] org.apache.catalina.startup.HostConfig.deployDirectory 웹 애플리케이션 디렉토리 [D:\coding\apache-tomcat-8.5.90\webapps\ROOT]을(를) 배치합니다.
12-Apr-2024 23:02:24.932 INFO [localhost-startStop-1] org.apache.jasper.servlet.TldScanner.scanJars 적어도 하나의 JAR가 TLD들을 찾기 위해 스캔되었으나 아무 것도 찾지 못했습니다. 스캔했으나 TLD가 없는 JAR들의 전체 목록을 보시려면, 로그 레벨을 디버그 레벨로 설정하십시오. 스캔 과정에서 불필요한 JAR들을 건너뛰면, 시스템 시작 시간과 JSP 컴파일 시간을 단축시킬 수 있습니다.
12-Apr-2024 23:02:24.935 INFO [localhost-startStop-1] org.apache.catalina.startup.HostConfig.deployDirectory 웹 애플리케이션 디렉토리 [D:\coding\apache-tomcat-8.5.90\webapps\ROOT]에 대한 배치가 [118] 밀리초에 완료되었습니다.
12-Apr-2024 23:02:24.935 INFO [localhost-startStop-1] org.apache.catalina.startup.HostConfig.deployDirectory 웹 애플리케이션 디렉토리 [D:\coding\apache-tomcat-8.5.90\webapps\todolist]을(를) 배치합니다.
12-Apr-2024 23:02:25.040 INFO [localhost-startStop-1] org.apache.jasper.servlet.TldScanner.scanJars 적어도 하나의 JAR가 TLD들을 찾기 위해 스캔되었으나 아무 것도 찾지 못했습니다. 스캔했으나 TLD가 없는 JAR들의 전체 목록을 보시려면, 로그 레벨을 디버그 레벨로 설정하십시오. 스캔 과정에서 불필요한 JAR들을 건너뛰면, 시스템 시작 시간과 JSP 컴파일 시간을 단축시킬 수 있습니다.
12-Apr-2024 23:02:25.049 INFO [localhost-startStop-1] org.apache.catalina.startup.HostConfig.deployDirectory 웹 애플리케이션 디렉토리 [D:\coding\apache-tomcat-8.5.90\webapps\todolist]에 대한 배치가 [114] 밀리초에 완료되었습니다.
12-Apr-2024 23:02:25.053 INFO [main] org.apache.coyote.AbstractProtocol.start 프로토콜 핸들러 ["http-nio-48080"]을(를) 시작합니다.
12-Apr-2024 23:02:25.432 INFO [main] org.apache.catalina.startup.Catalina.start Server startup in 2232 ms
12-Apr-2024 23:08:42.121 INFO [main] org.apache.catalina.core.StandardServer.await 셧다운 포트를 통해 유효한 셧다운 명령을 받았습니다. 서버 인스턴스를 중지시킵니다.
12-Apr-2024 23:08:42.122 INFO [main] org.apache.coyote.AbstractProtocol.pause 프로토콜 핸들러 ["http-nio-48080"]을(를) 일시 정지 중
12-Apr-2024 23:08:42.488 INFO [main] org.apache.catalina.core.StandardService.stopInternal 서비스 [Catalina]을(를) 중지시킵니다.
12-Apr-2024 23:08:42.529 INFO [main] org.apache.coyote.AbstractProtocol.stop 프로토콜 핸들러 ["http-nio-48080"]을(를) 중지시킵니다.
12-Apr-2024 23:08:42.537 INFO [main] org.apache.coyote.AbstractProtocol.destroy 프로토콜 핸들러 ["http-nio-48080"]을(를) 소멸시킵니다.
12-Apr-2024 23:13:02.515 INFO [main] org.apache.catalina.startup.VersionLoggerListener.log 서버 버전 이름:    Apache Tomcat/8.5.90
12-Apr-2024 23:13:02.519 INFO [main] org.apache.catalina.startup.VersionLoggerListener.log Server 빌드 시각:  Jun 2 2023 17:14:04 UTC
12-Apr-2024 23:13:02.519 INFO [main] org.apache.catalina.startup.VersionLoggerListener.log Server 버전 번호:  8.5.90.0
12-Apr-2024 23:13:02.520 INFO [main] org.apache.catalina.startup.VersionLoggerListener.log 운영체제 이름:     Windows 10
12-Apr-2024 23:13:02.520 INFO [main] org.apache.catalina.startup.VersionLoggerListener.log 운영체제 버전:     10.0
12-Apr-2024 23:13:02.520 INFO [main] org.apache.catalina.startup.VersionLoggerListener.log 아키텍처:          amd64
12-Apr-2024 23:13:02.520 INFO [main] org.apache.catalina.startup.VersionLoggerListener.log 자바 홈:           C:\Program Files\Java\jdk-11.0.16.1
12-Apr-2024 23:13:02.520 INFO [main] org.apache.catalina.startup.VersionLoggerListener.log JVM 버전:          11.0.16.1+1-LTS-1
12-Apr-2024 23:13:02.520 INFO [main] org.apache.catalina.startup.VersionLoggerListener.log JVM 벤더:          Oracle Corporation
12-Apr-2024 23:13:02.521 INFO [main] org.apache.catalina.startup.VersionLoggerListener.log CATALINA_BASE:     D:\coding\apache-tomcat-8.5.90
12-Apr-2024 23:13:02.521 INFO [main] org.apache.catalina.startup.VersionLoggerListener.log CATALINA_HOME:     D:\coding\apache-tomcat-8.5.90
12-Apr-2024 23:13:02.522 INFO [main] org.apache.catalina.startup.VersionLoggerListener.log 명령 행 아규먼트:  --add-opens=java.base/java.lang=ALL-UNNAMED
12-Apr-2024 23:13:02.522 INFO [main] org.apache.catalina.startup.VersionLoggerListener.log 명령 행 아규먼트:  --add-opens=java.base/java.io=ALL-UNNAMED
12-Apr-2024 23:13:02.522 INFO [main] org.apache.catalina.startup.VersionLoggerListener.log 명령 행 아규먼트:  --add-opens=java.base/java.util=ALL-UNNAMED
12-Apr-2024 23:13:02.522 INFO [main] org.apache.catalina.startup.VersionLoggerListener.log 명령 행 아규먼트:  --add-opens=java.base/java.util.concurrent=ALL-UNNAMED
12-Apr-2024 23:13:02.523 INFO [main] org.apache.catalina.startup.VersionLoggerListener.log 명령 행 아규먼트:  --add-opens=java.rmi/sun.rmi.transport=ALL-UNNAMED
12-Apr-2024 23:13:02.524 INFO [main] org.apache.catalina.startup.VersionLoggerListener.log 명령 행 아규먼트:  -Djava.util.logging.config.file=D:\coding\apache-tomcat-8.5.90\conf\logging.properties
12-Apr-2024 23:13:02.524 INFO [main] org.apache.catalina.startup.VersionLoggerListener.log 명령 행 아규먼트:  -Djava.util.logging.manager=org.apache.juli.ClassLoaderLogManager
12-Apr-2024 23:13:02.525 INFO [main] org.apache.catalina.startup.VersionLoggerListener.log 명령 행 아규먼트:  -Djdk.tls.ephemeralDHKeySize=2048
12-Apr-2024 23:13:02.525 INFO [main] org.apache.catalina.startup.VersionLoggerListener.log 명령 행 아규먼트:  -Djava.protocol.handler.pkgs=org.apache.catalina.webresources
12-Apr-2024 23:13:02.525 INFO [main] org.apache.catalina.startup.VersionLoggerListener.log 명령 행 아규먼트:  -Dignore.endorsed.dirs=
12-Apr-2024 23:13:02.526 INFO [main] org.apache.catalina.startup.VersionLoggerListener.log 명령 행 아규먼트:  -Dcatalina.base=D:\coding\apache-tomcat-8.5.90
12-Apr-2024 23:13:02.526 INFO [main] org.apache.catalina.startup.VersionLoggerListener.log 명령 행 아규먼트:  -Dcatalina.home=D:\coding\apache-tomcat-8.5.90
12-Apr-2024 23:13:02.527 INFO [main] org.apache.catalina.startup.VersionLoggerListener.log 명령 행 아규먼트:  -Djava.io.tmpdir=D:\coding\apache-tomcat-8.5.90\temp
12-Apr-2024 23:13:02.527 INFO [main] org.apache.catalina.core.AprLifecycleListener.lifecycleEvent APR 버전 [1.7.4]을(를) 사용한, APR 기반 Apache Tomcat Native 라이브러리 [1.2.37]을(를) 로드했습니다.
12-Apr-2024 23:13:02.528 INFO [main] org.apache.catalina.core.AprLifecycleListener.lifecycleEvent APR 용량정보들: IPv6 [true], sendfile [true], accept filters [false], random [true], UDS [{4}].
12-Apr-2024 23:13:02.528 INFO [main] org.apache.catalina.core.AprLifecycleListener.lifecycleEvent APR/OpenSSL 설정: useAprConnector [false], useOpenSSL [true]
12-Apr-2024 23:13:02.534 INFO [main] org.apache.catalina.core.AprLifecycleListener.initializeSSL OpenSSL이 성공적으로 초기화되었습니다: [OpenSSL 1.1.1u  30 May 2023]
12-Apr-2024 23:13:02.635 INFO [main] org.apache.coyote.AbstractProtocol.init 프로토콜 핸들러 ["http-nio-48080"]을(를) 초기화합니다.
12-Apr-2024 23:13:02.657 INFO [main] org.apache.catalina.startup.Catalina.load Initialization processed in 527 ms
12-Apr-2024 23:13:02.707 INFO [main] org.apache.catalina.core.StandardService.startInternal 서비스 [Catalina]을(를) 시작합니다.
12-Apr-2024 23:13:02.707 INFO [main] org.apache.catalina.core.StandardEngine.startInternal 서버 엔진을 시작합니다: [Apache Tomcat/8.5.90]
12-Apr-2024 23:13:02.722 INFO [localhost-startStop-1] org.apache.catalina.startup.HostConfig.deployDirectory 웹 애플리케이션 디렉토리 [D:\coding\apache-tomcat-8.5.90\webapps\docs]을(를) 배치합니다.
12-Apr-2024 23:13:03.077 INFO [localhost-startStop-1] org.apache.jasper.servlet.TldScanner.scanJars 적어도 하나의 JAR가 TLD들을 찾기 위해 스캔되었으나 아무 것도 찾지 못했습니다. 스캔했으나 TLD가 없는 JAR들의 전체 목록을 보시려면, 로그 레벨을 디버그 레벨로 설정하십시오. 스캔 과정에서 불필요한 JAR들을 건너뛰면, 시스템 시작 시간과 JSP 컴파일 시간을 단축시킬 수 있습니다.
12-Apr-2024 23:13:03.453 WARNING [localhost-startStop-1] org.apache.catalina.util.SessionIdGeneratorBase.createSecureRandom [SHA1PRNG] 알고리즘을 사용하여, 세션 ID를 생성하기 위한 SecureRandom 객체를 생성하는데, [357] 밀리초가 소요됐습니다.
12-Apr-2024 23:13:03.472 INFO [localhost-startStop-1] org.apache.catalina.startup.HostConfig.deployDirectory 웹 애플리케이션 디렉토리 [D:\coding\apache-tomcat-8.5.90\webapps\docs]에 대한 배치가 [750] 밀리초에 완료되었습니다.
12-Apr-2024 23:13:03.473 INFO [localhost-startStop-1] org.apache.catalina.startup.HostConfig.deployDirectory 웹 애플리케이션 디렉토리 [D:\coding\apache-tomcat-8.5.90\webapps\examples]을(를) 배치합니다.
12-Apr-2024 23:13:03.740 INFO [localhost-startStop-1] org.apache.jasper.servlet.TldScanner.scanJars 적어도 하나의 JAR가 TLD들을 찾기 위해 스캔되었으나 아무 것도 찾지 못했습니다. 스캔했으나 TLD가 없는 JAR들의 전체 목록을 보시려면, 로그 레벨을 디버그 레벨로 설정하십시오. 스캔 과정에서 불필요한 JAR들을 건너뛰면, 시스템 시작 시간과 JSP 컴파일 시간을 단축시킬 수 있습니다.
12-Apr-2024 23:13:03.787 INFO [localhost-startStop-1] org.apache.catalina.startup.HostConfig.deployDirectory 웹 애플리케이션 디렉토리 [D:\coding\apache-tomcat-8.5.90\webapps\examples]에 대한 배치가 [314] 밀리초에 완료되었습니다.
12-Apr-2024 23:13:03.788 INFO [localhost-startStop-1] org.apache.catalina.startup.HostConfig.deployDirectory 웹 애플리케이션 디렉토리 [D:\coding\apache-tomcat-8.5.90\webapps\host-manager]을(를) 배치합니다.
12-Apr-2024 23:13:03.899 INFO [localhost-startStop-1] org.apache.jasper.servlet.TldScanner.scanJars 적어도 하나의 JAR가 TLD들을 찾기 위해 스캔되었으나 아무 것도 찾지 못했습니다. 스캔했으나 TLD가 없는 JAR들의 전체 목록을 보시려면, 로그 레벨을 디버그 레벨로 설정하십시오. 스캔 과정에서 불필요한 JAR들을 건너뛰면, 시스템 시작 시간과 JSP 컴파일 시간을 단축시킬 수 있습니다.
12-Apr-2024 23:13:03.905 INFO [localhost-startStop-1] org.apache.catalina.startup.HostConfig.deployDirectory 웹 애플리케이션 디렉토리 [D:\coding\apache-tomcat-8.5.90\webapps\host-manager]에 대한 배치가 [116] 밀리초에 완료되었습니다.
12-Apr-2024 23:13:03.905 INFO [localhost-startStop-1] org.apache.catalina.startup.HostConfig.deployDirectory 웹 애플리케이션 디렉토리 [D:\coding\apache-tomcat-8.5.90\webapps\manager]을(를) 배치합니다.
12-Apr-2024 23:13:04.004 INFO [localhost-startStop-1] org.apache.jasper.servlet.TldScanner.scanJars 적어도 하나의 JAR가 TLD들을 찾기 위해 스캔되었으나 아무 것도 찾지 못했습니다. 스캔했으나 TLD가 없는 JAR들의 전체 목록을 보시려면, 로그 레벨을 디버그 레벨로 설정하십시오. 스캔 과정에서 불필요한 JAR들을 건너뛰면, 시스템 시작 시간과 JSP 컴파일 시간을 단축시킬 수 있습니다.
12-Apr-2024 23:13:04.007 INFO [localhost-startStop-1] org.apache.catalina.startup.HostConfig.deployDirectory 웹 애플리케이션 디렉토리 [D:\coding\apache-tomcat-8.5.90\webapps\manager]에 대한 배치가 [102] 밀리초에 완료되었습니다.
12-Apr-2024 23:13:04.008 INFO [localhost-startStop-1] org.apache.catalina.startup.HostConfig.deployDirectory 웹 애플리케이션 디렉토리 [D:\coding\apache-tomcat-8.5.90\webapps\ROOT]을(를) 배치합니다.
12-Apr-2024 23:13:04.116 INFO [localhost-startStop-1] org.apache.jasper.servlet.TldScanner.scanJars 적어도 하나의 JAR가 TLD들을 찾기 위해 스캔되었으나 아무 것도 찾지 못했습니다. 스캔했으나 TLD가 없는 JAR들의 전체 목록을 보시려면, 로그 레벨을 디버그 레벨로 설정하십시오. 스캔 과정에서 불필요한 JAR들을 건너뛰면, 시스템 시작 시간과 JSP 컴파일 시간을 단축시킬 수 있습니다.
12-Apr-2024 23:13:04.119 INFO [localhost-startStop-1] org.apache.catalina.startup.HostConfig.deployDirectory 웹 애플리케이션 디렉토리 [D:\coding\apache-tomcat-8.5.90\webapps\ROOT]에 대한 배치가 [112] 밀리초에 완료되었습니다.
12-Apr-2024 23:13:04.119 INFO [localhost-startStop-1] org.apache.catalina.startup.HostConfig.deployDirectory 웹 애플리케이션 디렉토리 [D:\coding\apache-tomcat-8.5.90\webapps\todolist]을(를) 배치합니다.
12-Apr-2024 23:13:04.215 INFO [localhost-startStop-1] org.apache.jasper.servlet.TldScanner.scanJars 적어도 하나의 JAR가 TLD들을 찾기 위해 스캔되었으나 아무 것도 찾지 못했습니다. 스캔했으나 TLD가 없는 JAR들의 전체 목록을 보시려면, 로그 레벨을 디버그 레벨로 설정하십시오. 스캔 과정에서 불필요한 JAR들을 건너뛰면, 시스템 시작 시간과 JSP 컴파일 시간을 단축시킬 수 있습니다.
12-Apr-2024 23:13:04.224 INFO [localhost-startStop-1] org.apache.catalina.startup.HostConfig.deployDirectory 웹 애플리케이션 디렉토리 [D:\coding\apache-tomcat-8.5.90\webapps\todolist]에 대한 배치가 [104] 밀리초에 완료되었습니다.
12-Apr-2024 23:13:04.227 INFO [main] org.apache.coyote.AbstractProtocol.start 프로토콜 핸들러 ["http-nio-48080"]을(를) 시작합니다.
12-Apr-2024 23:13:04.605 INFO [main] org.apache.catalina.startup.Catalina.start Server startup in 1947 ms
12-Apr-2024 23:14:26.577 WARNING [main] org.apache.catalina.core.StandardServer.await 유효하지 않은 셧다운 명령 [GET / HTTP/1.1]을(를) 받았습니다.
12-Apr-2024 23:14:27.608 WARNING [main] org.apache.catalina.core.StandardServer.await 유효하지 않은 셧다운 명령 [GET / HTTP/1.1]을(를) 받았습니다.
12-Apr-2024 23:14:27.609 WARNING [main] org.apache.catalina.core.StandardServer.await 유효하지 않은 셧다운 명령 [GET / HTTP/1.1]을(를) 받았습니다.
12-Apr-2024 23:14:27.918 WARNING [main] org.apache.catalina.core.StandardServer.await 유효하지 않은 셧다운 명령 [GET / HTTP/1.1]을(를) 받았습니다.
12-Apr-2024 23:14:33.245 WARNING [main] org.apache.catalina.core.StandardServer.await 유효하지 않은 셧다운 명령 [GET / HTTP/1.1]을(를) 받았습니다.
12-Apr-2024 23:14:43.253 WARNING [main] org.apache.catalina.core.StandardServer.await 셧다운 명령을 읽으려 시도하는 중 IOException이 발생했습니다.
	java.net.SocketTimeoutException: Read timed out
		at java.base/java.net.SocketInputStream.socketRead0(Native Method)
		at java.base/java.net.SocketInputStream.socketRead(SocketInputStream.java:115)
		at java.base/java.net.SocketInputStream.read(SocketInputStream.java:168)
		at java.base/java.net.SocketInputStream.read(SocketInputStream.java:140)
		at java.base/java.net.SocketInputStream.read(SocketInputStream.java:200)
		at org.apache.catalina.core.StandardServer.await(StandardServer.java:500)
		at org.apache.catalina.startup.Catalina.await(Catalina.java:783)
		at org.apache.catalina.startup.Catalina.start(Catalina.java:729)
		at java.base/jdk.internal.reflect.NativeMethodAccessorImpl.invoke0(Native Method)
		at java.base/jdk.internal.reflect.NativeMethodAccessorImpl.invoke(NativeMethodAccessorImpl.java:62)
		at java.base/jdk.internal.reflect.DelegatingMethodAccessorImpl.invoke(DelegatingMethodAccessorImpl.java:43)
		at java.base/java.lang.reflect.Method.invoke(Method.java:566)
		at org.apache.catalina.startup.Bootstrap.start(Bootstrap.java:347)
		at org.apache.catalina.startup.Bootstrap.main(Bootstrap.java:478)
12-Apr-2024 23:14:43.255 WARNING [main] org.apache.catalina.core.StandardServer.await 유효하지 않은 셧다운 명령 []을(를) 받았습니다.
12-Apr-2024 23:14:53.271 WARNING [main] org.apache.catalina.core.StandardServer.await 셧다운 명령을 읽으려 시도하는 중 IOException이 발생했습니다.
	java.net.SocketTimeoutException: Read timed out
		at java.base/java.net.SocketInputStream.socketRead0(Native Method)
		at java.base/java.net.SocketInputStream.socketRead(SocketInputStream.java:115)
		at java.base/java.net.SocketInputStream.read(SocketInputStream.java:168)
		at java.base/java.net.SocketInputStream.read(SocketInputStream.java:140)
		at java.base/java.net.SocketInputStream.read(SocketInputStream.java:200)
		at org.apache.catalina.core.StandardServer.await(StandardServer.java:500)
		at org.apache.catalina.startup.Catalina.await(Catalina.java:783)
		at org.apache.catalina.startup.Catalina.start(Catalina.java:729)
		at java.base/jdk.internal.reflect.NativeMethodAccessorImpl.invoke0(Native Method)
		at java.base/jdk.internal.reflect.NativeMethodAccessorImpl.invoke(NativeMethodAccessorImpl.java:62)
		at java.base/jdk.internal.reflect.DelegatingMethodAccessorImpl.invoke(DelegatingMethodAccessorImpl.java:43)
		at java.base/java.lang.reflect.Method.invoke(Method.java:566)
		at org.apache.catalina.startup.Bootstrap.start(Bootstrap.java:347)
		at org.apache.catalina.startup.Bootstrap.main(Bootstrap.java:478)
12-Apr-2024 23:14:53.272 WARNING [main] org.apache.catalina.core.StandardServer.await 유효하지 않은 셧다운 명령 []을(를) 받았습니다.
12-Apr-2024 23:15:07.054 WARNING [main] org.apache.catalina.core.StandardServer.await 유효하지 않은 셧다운 명령 [GET / HTTP/1.1]을(를) 받았습니다.
12-Apr-2024 23:15:08.090 WARNING [main] org.apache.catalina.core.StandardServer.await 유효하지 않은 셧다운 명령 [GET / HTTP/1.1]을(를) 받았습니다.
12-Apr-2024 23:15:08.092 WARNING [main] org.apache.catalina.core.StandardServer.await 유효하지 않은 셧다운 명령 [GET / HTTP/1.1]을(를) 받았습니다.
12-Apr-2024 23:15:08.399 WARNING [main] org.apache.catalina.core.StandardServer.await 유효하지 않은 셧다운 명령 [GET / HTTP/1.1]을(를) 받았습니다.
12-Apr-2024 23:15:13.422 WARNING [main] org.apache.catalina.core.StandardServer.await 유효하지 않은 셧다운 명령 [GET / HTTP/1.1]을(를) 받았습니다.
12-Apr-2024 23:15:13.728 WARNING [main] org.apache.catalina.core.StandardServer.await 유효하지 않은 셧다운 명령 [GET / HTTP/1.1]을(를) 받았습니다.
12-Apr-2024 23:15:16.422 WARNING [main] org.apache.catalina.core.StandardServer.await 유효하지 않은 셧다운 명령 [GET /todolist.jsp HTTP/1.1]을(를) 받았습니다.
12-Apr-2024 23:15:17.448 WARNING [main] org.apache.catalina.core.StandardServer.await 유효하지 않은 셧다운 명령 [GET /todolist.jsp HTTP/1.1]을(를) 받았습니다.
12-Apr-2024 23:15:17.449 WARNING [main] org.apache.catalina.core.StandardServer.await 유효하지 않은 셧다운 명령 [GET /todolist.jsp HTTP/1.1]을(를) 받았습니다.
12-Apr-2024 23:15:17.763 WARNING [main] org.apache.catalina.core.StandardServer.await 유효하지 않은 셧다운 명령 [GET /todolist.jsp HTTP/1.1]을(를) 받았습니다.
12-Apr-2024 23:15:22.774 WARNING [main] org.apache.catalina.core.StandardServer.await 유효하지 않은 셧다운 명령 [GET /todolist.jsp HTTP/1.1]을(를) 받았습니다.
12-Apr-2024 23:15:23.077 WARNING [main] org.apache.catalina.core.StandardServer.await 유효하지 않은 셧다운 명령 [GET /todolist.jsp HTTP/1.1]을(를) 받았습니다.
12-Apr-2024 23:43:31.977 SEVERE [main] org.apache.catalina.startup.Catalina.stopServer [localhost:48005] (base 포트 [48005] 그리고 offset [0])와(과) 연결할 수 없었습니다. Tomcat이 실행 중이지 않을 수 있습니다.
