05-Jul-2023 21:46:04.060 INFO [main] org.apache.catalina.startup.VersionLoggerListener.log 서버 버전 이름:    Apache Tomcat/8.5.90
05-Jul-2023 21:46:04.067 INFO [main] org.apache.catalina.startup.VersionLoggerListener.log Server 빌드 시각:  Jun 2 2023 17:14:04 UTC
05-Jul-2023 21:46:04.068 INFO [main] org.apache.catalina.startup.VersionLoggerListener.log Server 버전 번호:  8.5.90.0
05-Jul-2023 21:46:04.068 INFO [main] org.apache.catalina.startup.VersionLoggerListener.log 운영체제 이름:     Windows 10
05-Jul-2023 21:46:04.068 INFO [main] org.apache.catalina.startup.VersionLoggerListener.log 운영체제 버전:     10.0
05-Jul-2023 21:46:04.068 INFO [main] org.apache.catalina.startup.VersionLoggerListener.log 아키텍처:          amd64
05-Jul-2023 21:46:04.068 INFO [main] org.apache.catalina.startup.VersionLoggerListener.log 자바 홈:           C:\Program Files\Java\jdk-11.0.16.1
05-Jul-2023 21:46:04.069 INFO [main] org.apache.catalina.startup.VersionLoggerListener.log JVM 버전:          11.0.16.1+1-LTS-1
05-Jul-2023 21:46:04.069 INFO [main] org.apache.catalina.startup.VersionLoggerListener.log JVM 벤더:          Oracle Corporation
05-Jul-2023 21:46:04.069 INFO [main] org.apache.catalina.startup.VersionLoggerListener.log CATALINA_BASE:     D:\coding\apache-tomcat-8.5.90
05-Jul-2023 21:46:04.069 INFO [main] org.apache.catalina.startup.VersionLoggerListener.log CATALINA_HOME:     D:\coding\apache-tomcat-8.5.90
05-Jul-2023 21:46:04.069 INFO [main] org.apache.catalina.startup.VersionLoggerListener.log 명령 행 아규먼트:  --add-opens=java.base/java.lang=ALL-UNNAMED
05-Jul-2023 21:46:04.070 INFO [main] org.apache.catalina.startup.VersionLoggerListener.log 명령 행 아규먼트:  --add-opens=java.base/java.io=ALL-UNNAMED
05-Jul-2023 21:46:04.073 INFO [main] org.apache.catalina.startup.VersionLoggerListener.log 명령 행 아규먼트:  --add-opens=java.base/java.util=ALL-UNNAMED
05-Jul-2023 21:46:04.074 INFO [main] org.apache.catalina.startup.VersionLoggerListener.log 명령 행 아규먼트:  --add-opens=java.base/java.util.concurrent=ALL-UNNAMED
05-Jul-2023 21:46:04.075 INFO [main] org.apache.catalina.startup.VersionLoggerListener.log 명령 행 아규먼트:  --add-opens=java.rmi/sun.rmi.transport=ALL-UNNAMED
05-Jul-2023 21:46:04.076 INFO [main] org.apache.catalina.startup.VersionLoggerListener.log 명령 행 아규먼트:  -Djava.util.logging.config.file=D:\coding\apache-tomcat-8.5.90\conf\logging.properties
05-Jul-2023 21:46:04.077 INFO [main] org.apache.catalina.startup.VersionLoggerListener.log 명령 행 아규먼트:  -Djava.util.logging.manager=org.apache.juli.ClassLoaderLogManager
05-Jul-2023 21:46:04.078 INFO [main] org.apache.catalina.startup.VersionLoggerListener.log 명령 행 아규먼트:  -Djdk.tls.ephemeralDHKeySize=2048
05-Jul-2023 21:46:04.079 INFO [main] org.apache.catalina.startup.VersionLoggerListener.log 명령 행 아규먼트:  -Djava.protocol.handler.pkgs=org.apache.catalina.webresources
05-Jul-2023 21:46:04.079 INFO [main] org.apache.catalina.startup.VersionLoggerListener.log 명령 행 아규먼트:  -Dignore.endorsed.dirs=
05-Jul-2023 21:46:04.080 INFO [main] org.apache.catalina.startup.VersionLoggerListener.log 명령 행 아규먼트:  -Dcatalina.base=D:\coding\apache-tomcat-8.5.90
05-Jul-2023 21:46:04.081 INFO [main] org.apache.catalina.startup.VersionLoggerListener.log 명령 행 아규먼트:  -Dcatalina.home=D:\coding\apache-tomcat-8.5.90
05-Jul-2023 21:46:04.082 INFO [main] org.apache.catalina.startup.VersionLoggerListener.log 명령 행 아규먼트:  -Djava.io.tmpdir=D:\coding\apache-tomcat-8.5.90\temp
05-Jul-2023 21:46:04.082 INFO [main] org.apache.catalina.core.AprLifecycleListener.lifecycleEvent APR 버전 [1.7.4]을(를) 사용한, APR 기반 Apache Tomcat Native 라이브러리 [1.2.37]을(를) 로드했습니다.
05-Jul-2023 21:46:04.084 INFO [main] org.apache.catalina.core.AprLifecycleListener.lifecycleEvent APR 용량정보들: IPv6 [true], sendfile [true], accept filters [false], random [true], UDS [{4}].
05-Jul-2023 21:46:04.085 INFO [main] org.apache.catalina.core.AprLifecycleListener.lifecycleEvent APR/OpenSSL 설정: useAprConnector [false], useOpenSSL [true]
05-Jul-2023 21:46:04.111 INFO [main] org.apache.catalina.core.AprLifecycleListener.initializeSSL OpenSSL이 성공적으로 초기화되었습니다: [OpenSSL 1.1.1u  30 May 2023]
05-Jul-2023 21:46:04.254 INFO [main] org.apache.coyote.AbstractProtocol.init 프로토콜 핸들러 ["http-nio-48080"]을(를) 초기화합니다.
05-Jul-2023 21:46:04.287 INFO [main] org.apache.catalina.startup.Catalina.load Initialization processed in 751 ms
05-Jul-2023 21:46:04.354 INFO [main] org.apache.catalina.core.StandardService.startInternal 서비스 [Catalina]을(를) 시작합니다.
05-Jul-2023 21:46:04.360 INFO [main] org.apache.catalina.core.StandardEngine.startInternal 서버 엔진을 시작합니다: [Apache Tomcat/8.5.90]
05-Jul-2023 21:46:04.376 INFO [localhost-startStop-1] org.apache.catalina.startup.HostConfig.deployDirectory 웹 애플리케이션 디렉토리 [D:\coding\apache-tomcat-8.5.90\webapps\docs]을(를) 배치합니다.
05-Jul-2023 21:46:04.808 INFO [localhost-startStop-1] org.apache.jasper.servlet.TldScanner.scanJars 적어도 하나의 JAR가 TLD들을 찾기 위해 스캔되었으나 아무 것도 찾지 못했습니다. 스캔했으나 TLD가 없는 JAR들의 전체 목록을 보시려면, 로그 레벨을 디버그 레벨로 설정하십시오. 스캔 과정에서 불필요한 JAR들을 건너뛰면, 시스템 시작 시간과 JSP 컴파일 시간을 단축시킬 수 있습니다.
05-Jul-2023 21:46:05.215 WARNING [localhost-startStop-1] org.apache.catalina.util.SessionIdGeneratorBase.createSecureRandom [SHA1PRNG] 알고리즘을 사용하여, 세션 ID를 생성하기 위한 SecureRandom 객체를 생성하는데, [372] 밀리초가 소요됐습니다.
05-Jul-2023 21:46:05.253 INFO [localhost-startStop-1] org.apache.catalina.startup.HostConfig.deployDirectory 웹 애플리케이션 디렉토리 [D:\coding\apache-tomcat-8.5.90\webapps\docs]에 대한 배치가 [877] 밀리초에 완료되었습니다.
05-Jul-2023 21:46:05.256 INFO [localhost-startStop-1] org.apache.catalina.startup.HostConfig.deployDirectory 웹 애플리케이션 디렉토리 [D:\coding\apache-tomcat-8.5.90\webapps\examples]을(를) 배치합니다.
05-Jul-2023 21:46:05.609 INFO [localhost-startStop-1] org.apache.jasper.servlet.TldScanner.scanJars 적어도 하나의 JAR가 TLD들을 찾기 위해 스캔되었으나 아무 것도 찾지 못했습니다. 스캔했으나 TLD가 없는 JAR들의 전체 목록을 보시려면, 로그 레벨을 디버그 레벨로 설정하십시오. 스캔 과정에서 불필요한 JAR들을 건너뛰면, 시스템 시작 시간과 JSP 컴파일 시간을 단축시킬 수 있습니다.
05-Jul-2023 21:46:05.661 INFO [localhost-startStop-1] org.apache.catalina.startup.HostConfig.deployDirectory 웹 애플리케이션 디렉토리 [D:\coding\apache-tomcat-8.5.90\webapps\examples]에 대한 배치가 [405] 밀리초에 완료되었습니다.
05-Jul-2023 21:46:05.664 INFO [localhost-startStop-1] org.apache.catalina.startup.HostConfig.deployDirectory 웹 애플리케이션 디렉토리 [D:\coding\apache-tomcat-8.5.90\webapps\host-manager]을(를) 배치합니다.
05-Jul-2023 21:46:05.778 INFO [localhost-startStop-1] org.apache.jasper.servlet.TldScanner.scanJars 적어도 하나의 JAR가 TLD들을 찾기 위해 스캔되었으나 아무 것도 찾지 못했습니다. 스캔했으나 TLD가 없는 JAR들의 전체 목록을 보시려면, 로그 레벨을 디버그 레벨로 설정하십시오. 스캔 과정에서 불필요한 JAR들을 건너뛰면, 시스템 시작 시간과 JSP 컴파일 시간을 단축시킬 수 있습니다.
05-Jul-2023 21:46:05.787 INFO [localhost-startStop-1] org.apache.catalina.startup.HostConfig.deployDirectory 웹 애플리케이션 디렉토리 [D:\coding\apache-tomcat-8.5.90\webapps\host-manager]에 대한 배치가 [124] 밀리초에 완료되었습니다.
05-Jul-2023 21:46:05.789 INFO [localhost-startStop-1] org.apache.catalina.startup.HostConfig.deployDirectory 웹 애플리케이션 디렉토리 [D:\coding\apache-tomcat-8.5.90\webapps\manager]을(를) 배치합니다.
05-Jul-2023 21:46:05.889 INFO [localhost-startStop-1] org.apache.jasper.servlet.TldScanner.scanJars 적어도 하나의 JAR가 TLD들을 찾기 위해 스캔되었으나 아무 것도 찾지 못했습니다. 스캔했으나 TLD가 없는 JAR들의 전체 목록을 보시려면, 로그 레벨을 디버그 레벨로 설정하십시오. 스캔 과정에서 불필요한 JAR들을 건너뛰면, 시스템 시작 시간과 JSP 컴파일 시간을 단축시킬 수 있습니다.
05-Jul-2023 21:46:05.895 INFO [localhost-startStop-1] org.apache.catalina.startup.HostConfig.deployDirectory 웹 애플리케이션 디렉토리 [D:\coding\apache-tomcat-8.5.90\webapps\manager]에 대한 배치가 [106] 밀리초에 완료되었습니다.
05-Jul-2023 21:46:05.896 INFO [localhost-startStop-1] org.apache.catalina.startup.HostConfig.deployDirectory 웹 애플리케이션 디렉토리 [D:\coding\apache-tomcat-8.5.90\webapps\ROOT]을(를) 배치합니다.
05-Jul-2023 21:46:06.000 INFO [localhost-startStop-1] org.apache.jasper.servlet.TldScanner.scanJars 적어도 하나의 JAR가 TLD들을 찾기 위해 스캔되었으나 아무 것도 찾지 못했습니다. 스캔했으나 TLD가 없는 JAR들의 전체 목록을 보시려면, 로그 레벨을 디버그 레벨로 설정하십시오. 스캔 과정에서 불필요한 JAR들을 건너뛰면, 시스템 시작 시간과 JSP 컴파일 시간을 단축시킬 수 있습니다.
05-Jul-2023 21:46:06.005 INFO [localhost-startStop-1] org.apache.catalina.startup.HostConfig.deployDirectory 웹 애플리케이션 디렉토리 [D:\coding\apache-tomcat-8.5.90\webapps\ROOT]에 대한 배치가 [109] 밀리초에 완료되었습니다.
05-Jul-2023 21:46:06.007 INFO [localhost-startStop-1] org.apache.catalina.startup.HostConfig.deployDirectory 웹 애플리케이션 디렉토리 [D:\coding\apache-tomcat-8.5.90\webapps\todolist]을(를) 배치합니다.
05-Jul-2023 21:46:06.105 INFO [localhost-startStop-1] org.apache.jasper.servlet.TldScanner.scanJars 적어도 하나의 JAR가 TLD들을 찾기 위해 스캔되었으나 아무 것도 찾지 못했습니다. 스캔했으나 TLD가 없는 JAR들의 전체 목록을 보시려면, 로그 레벨을 디버그 레벨로 설정하십시오. 스캔 과정에서 불필요한 JAR들을 건너뛰면, 시스템 시작 시간과 JSP 컴파일 시간을 단축시킬 수 있습니다.
05-Jul-2023 21:46:06.117 INFO [localhost-startStop-1] org.apache.catalina.startup.HostConfig.deployDirectory 웹 애플리케이션 디렉토리 [D:\coding\apache-tomcat-8.5.90\webapps\todolist]에 대한 배치가 [109] 밀리초에 완료되었습니다.
05-Jul-2023 21:46:06.121 INFO [main] org.apache.coyote.AbstractProtocol.start 프로토콜 핸들러 ["http-nio-48080"]을(를) 시작합니다.
05-Jul-2023 21:46:06.519 INFO [main] org.apache.catalina.startup.Catalina.start Server startup in 2230 ms
